[0.102s] DEBUG:colcon:Command line arguments: ['/usr/bin/colcon', 'build', '--symlink-install']
[0.102s] DEBUG:colcon:Parsed command line arguments: Namespace(log_base=None, log_level=None, verb_name='build', build_base='build', install_base='install', merge_install=False, symlink_install=True, test_result_base=None, continue_on_error=False, executor='parallel', parallel_workers=28, event_handlers=None, ignore_user_meta=False, metas=['./colcon.meta'], base_paths=['.'], packages_ignore=None, packages_ignore_regex=None, paths=None, packages_up_to=None, packages_up_to_regex=None, packages_above=None, packages_above_and_dependencies=None, packages_above_depth=None, packages_select_by_dep=None, packages_skip_by_dep=None, packages_skip_up_to=None, packages_select_build_failed=False, packages_skip_build_finished=False, packages_select_test_failures=False, packages_skip_test_passed=False, packages_select=None, packages_skip=None, packages_select_regex=None, packages_skip_regex=None, packages_start=None, packages_end=None, allow_overriding=[], cmake_args=None, cmake_target=None, cmake_target_skip_unavailable=False, cmake_clean_cache=False, cmake_clean_first=False, cmake_force_configure=False, ament_cmake_args=None, catkin_cmake_args=None, catkin_skip_building_tests=False, mixin_files=None, mixin=None, verb_parser=<colcon_mixin.mixin.mixin_argument.MixinArgumentDecorator object at 0x7c11a6994bc0>, verb_extension=<colcon_core.verb.build.BuildVerb object at 0x7c11a6994950>, main=<bound method BuildVerb.main of <colcon_core.verb.build.BuildVerb object at 0x7c11a6994950>>, mixin_verb=('build',))
[0.141s] Level 1:colcon.colcon_core.package_discovery:discover_packages(colcon_meta) check parameters
[0.141s] Level 1:colcon.colcon_core.package_discovery:discover_packages(recursive) check parameters
[0.141s] Level 1:colcon.colcon_core.package_discovery:discover_packages(ignore) check parameters
[0.142s] Level 1:colcon.colcon_core.package_discovery:discover_packages(path) check parameters
[0.142s] Level 1:colcon.colcon_core.package_discovery:discover_packages(colcon_meta) discover
[0.142s] Level 1:colcon.colcon_core.package_discovery:discover_packages(recursive) discover
[0.142s] INFO:colcon.colcon_core.package_discovery:Crawling recursively for packages in '/home/subhanjal-pant/Desktop/ROS2'
[0.142s] Level 1:colcon.colcon_core.package_identification:_identify(.) by extensions ['ignore', 'ignore_ament_install']
[0.142s] Level 1:colcon.colcon_core.package_identification:_identify(.) by extension 'ignore'
[0.142s] Level 1:colcon.colcon_core.package_identification:_identify(.) by extension 'ignore_ament_install'
[0.142s] Level 1:colcon.colcon_core.package_identification:_identify(.) by extensions ['colcon_pkg']
[0.142s] Level 1:colcon.colcon_core.package_identification:_identify(.) by extension 'colcon_pkg'
[0.142s] Level 1:colcon.colcon_core.package_identification:_identify(.) by extensions ['colcon_meta']
[0.142s] Level 1:colcon.colcon_core.package_identification:_identify(.) by extension 'colcon_meta'
[0.142s] Level 1:colcon.colcon_core.package_identification:_identify(.) by extensions ['ros']
[0.142s] Level 1:colcon.colcon_core.package_identification:_identify(.) by extension 'ros'
[0.169s] Level 1:colcon.colcon_core.package_identification:_identify(.) by extensions ['cmake', 'python']
[0.169s] Level 1:colcon.colcon_core.package_identification:_identify(.) by extension 'cmake'
[0.169s] Level 1:colcon.colcon_core.package_identification:_identify(.) by extension 'python'
[0.169s] Level 1:colcon.colcon_core.package_identification:_identify(.) by extensions ['python_setup_py']
[0.169s] Level 1:colcon.colcon_core.package_identification:_identify(.) by extension 'python_setup_py'
[0.169s] Level 1:colcon.colcon_core.package_identification:_identify(build) by extensions ['ignore', 'ignore_ament_install']
[0.169s] Level 1:colcon.colcon_core.package_identification:_identify(build) by extension 'ignore'
[0.170s] Level 1:colcon.colcon_core.package_identification:_identify(build) ignored
[0.170s] Level 1:colcon.colcon_core.package_identification:_identify(install) by extensions ['ignore', 'ignore_ament_install']
[0.170s] Level 1:colcon.colcon_core.package_identification:_identify(install) by extension 'ignore'
[0.170s] Level 1:colcon.colcon_core.package_identification:_identify(install) ignored
[0.170s] Level 1:colcon.colcon_core.package_identification:_identify(log) by extensions ['ignore', 'ignore_ament_install']
[0.170s] Level 1:colcon.colcon_core.package_identification:_identify(log) by extension 'ignore'
[0.170s] Level 1:colcon.colcon_core.package_identification:_identify(log) ignored
[0.170s] Level 1:colcon.colcon_core.package_identification:_identify(src) by extensions ['ignore', 'ignore_ament_install']
[0.170s] Level 1:colcon.colcon_core.package_identification:_identify(src) by extension 'ignore'
[0.170s] Level 1:colcon.colcon_core.package_identification:_identify(src) by extension 'ignore_ament_install'
[0.170s] Level 1:colcon.colcon_core.package_identification:_identify(src) by extensions ['colcon_pkg']
[0.170s] Level 1:colcon.colcon_core.package_identification:_identify(src) by extension 'colcon_pkg'
[0.170s] Level 1:colcon.colcon_core.package_identification:_identify(src) by extensions ['colcon_meta']
[0.170s] Level 1:colcon.colcon_core.package_identification:_identify(src) by extension 'colcon_meta'
[0.170s] Level 1:colcon.colcon_core.package_identification:_identify(src) by extensions ['ros']
[0.170s] Level 1:colcon.colcon_core.package_identification:_identify(src) by extension 'ros'
[0.170s] Level 1:colcon.colcon_core.package_identification:_identify(src) by extensions ['cmake', 'python']
[0.170s] Level 1:colcon.colcon_core.package_identification:_identify(src) by extension 'cmake'
[0.170s] Level 1:colcon.colcon_core.package_identification:_identify(src) by extension 'python'
[0.170s] Level 1:colcon.colcon_core.package_identification:_identify(src) by extensions ['python_setup_py']
[0.170s] Level 1:colcon.colcon_core.package_identification:_identify(src) by extension 'python_setup_py'
[0.171s] Level 1:colcon.colcon_core.package_identification:_identify(src/articubot_one) by extensions ['ignore', 'ignore_ament_install']
[0.171s] Level 1:colcon.colcon_core.package_identification:_identify(src/articubot_one) by extension 'ignore'
[0.171s] Level 1:colcon.colcon_core.package_identification:_identify(src/articubot_one) by extension 'ignore_ament_install'
[0.171s] Level 1:colcon.colcon_core.package_identification:_identify(src/articubot_one) by extensions ['colcon_pkg']
[0.171s] Level 1:colcon.colcon_core.package_identification:_identify(src/articubot_one) by extension 'colcon_pkg'
[0.171s] Level 1:colcon.colcon_core.package_identification:_identify(src/articubot_one) by extensions ['colcon_meta']
[0.171s] Level 1:colcon.colcon_core.package_identification:_identify(src/articubot_one) by extension 'colcon_meta'
[0.171s] Level 1:colcon.colcon_core.package_identification:_identify(src/articubot_one) by extensions ['ros']
[0.171s] Level 1:colcon.colcon_core.package_identification:_identify(src/articubot_one) by extension 'ros'
[0.173s] DEBUG:colcon.colcon_core.package_identification:Package 'src/articubot_one' with type 'ros.ament_cmake' and name 'articubot_one'
[0.173s] Level 1:colcon.colcon_core.package_identification:_identify(src/serial_motor_demo) by extensions ['ignore', 'ignore_ament_install']
[0.173s] Level 1:colcon.colcon_core.package_identification:_identify(src/serial_motor_demo) by extension 'ignore'
[0.173s] Level 1:colcon.colcon_core.package_identification:_identify(src/serial_motor_demo) by extension 'ignore_ament_install'
[0.173s] Level 1:colcon.colcon_core.package_identification:_identify(src/serial_motor_demo) by extensions ['colcon_pkg']
[0.174s] Level 1:colcon.colcon_core.package_identification:_identify(src/serial_motor_demo) by extension 'colcon_pkg'
[0.174s] Level 1:colcon.colcon_core.package_identification:_identify(src/serial_motor_demo) by extensions ['colcon_meta']
[0.174s] Level 1:colcon.colcon_core.package_identification:_identify(src/serial_motor_demo) by extension 'colcon_meta'
[0.174s] Level 1:colcon.colcon_core.package_identification:_identify(src/serial_motor_demo) by extensions ['ros']
[0.174s] Level 1:colcon.colcon_core.package_identification:_identify(src/serial_motor_demo) by extension 'ros'
[0.174s] Level 1:colcon.colcon_core.package_identification:_identify(src/serial_motor_demo) by extensions ['cmake', 'python']
[0.174s] Level 1:colcon.colcon_core.package_identification:_identify(src/serial_motor_demo) by extension 'cmake'
[0.174s] Level 1:colcon.colcon_core.package_identification:_identify(src/serial_motor_demo) by extension 'python'
[0.174s] Level 1:colcon.colcon_core.package_identification:_identify(src/serial_motor_demo) by extensions ['python_setup_py']
[0.174s] Level 1:colcon.colcon_core.package_identification:_identify(src/serial_motor_demo) by extension 'python_setup_py'
[0.174s] Level 1:colcon.colcon_core.package_identification:_identify(src/serial_motor_demo/serial_motor_demo) by extensions ['ignore', 'ignore_ament_install']
[0.174s] Level 1:colcon.colcon_core.package_identification:_identify(src/serial_motor_demo/serial_motor_demo) by extension 'ignore'
[0.174s] Level 1:colcon.colcon_core.package_identification:_identify(src/serial_motor_demo/serial_motor_demo) by extension 'ignore_ament_install'
[0.174s] Level 1:colcon.colcon_core.package_identification:_identify(src/serial_motor_demo/serial_motor_demo) by extensions ['colcon_pkg']
[0.174s] Level 1:colcon.colcon_core.package_identification:_identify(src/serial_motor_demo/serial_motor_demo) by extension 'colcon_pkg'
[0.174s] Level 1:colcon.colcon_core.package_identification:_identify(src/serial_motor_demo/serial_motor_demo) by extensions ['colcon_meta']
[0.174s] Level 1:colcon.colcon_core.package_identification:_identify(src/serial_motor_demo/serial_motor_demo) by extension 'colcon_meta'
[0.174s] Level 1:colcon.colcon_core.package_identification:_identify(src/serial_motor_demo/serial_motor_demo) by extensions ['ros']
[0.174s] Level 1:colcon.colcon_core.package_identification:_identify(src/serial_motor_demo/serial_motor_demo) by extension 'ros'
[0.175s] DEBUG:colcon.colcon_core.package_identification:Package 'src/serial_motor_demo/serial_motor_demo' with type 'ros.ament_python' and name 'serial_motor_demo'
[0.175s] Level 1:colcon.colcon_core.package_identification:_identify(src/serial_motor_demo/serial_motor_demo_msgs) by extensions ['ignore', 'ignore_ament_install']
[0.175s] Level 1:colcon.colcon_core.package_identification:_identify(src/serial_motor_demo/serial_motor_demo_msgs) by extension 'ignore'
[0.175s] Level 1:colcon.colcon_core.package_identification:_identify(src/serial_motor_demo/serial_motor_demo_msgs) by extension 'ignore_ament_install'
[0.175s] Level 1:colcon.colcon_core.package_identification:_identify(src/serial_motor_demo/serial_motor_demo_msgs) by extensions ['colcon_pkg']
[0.175s] Level 1:colcon.colcon_core.package_identification:_identify(src/serial_motor_demo/serial_motor_demo_msgs) by extension 'colcon_pkg'
[0.175s] Level 1:colcon.colcon_core.package_identification:_identify(src/serial_motor_demo/serial_motor_demo_msgs) by extensions ['colcon_meta']
[0.175s] Level 1:colcon.colcon_core.package_identification:_identify(src/serial_motor_demo/serial_motor_demo_msgs) by extension 'colcon_meta'
[0.175s] Level 1:colcon.colcon_core.package_identification:_identify(src/serial_motor_demo/serial_motor_demo_msgs) by extensions ['ros']
[0.175s] Level 1:colcon.colcon_core.package_identification:_identify(src/serial_motor_demo/serial_motor_demo_msgs) by extension 'ros'
[0.176s] DEBUG:colcon.colcon_core.package_identification:Package 'src/serial_motor_demo/serial_motor_demo_msgs' with type 'ros.ament_cmake' and name 'serial_motor_demo_msgs'
[0.176s] Level 1:colcon.colcon_core.package_discovery:discover_packages(recursive) using defaults
[0.176s] Level 1:colcon.colcon_core.package_discovery:discover_packages(ignore) discover
[0.176s] Level 1:colcon.colcon_core.package_discovery:discover_packages(ignore) using defaults
[0.176s] Level 1:colcon.colcon_core.package_discovery:discover_packages(path) discover
[0.176s] Level 1:colcon.colcon_core.package_discovery:discover_packages(path) using defaults
[0.193s] Level 1:colcon.colcon_core.package_discovery:discover_packages(prefix_path) check parameters
[0.193s] Level 1:colcon.colcon_core.package_discovery:discover_packages(prefix_path) discover
[0.194s] WARNING:colcon.colcon_ros.prefix_path.ament:The path '/home/subhanjal-pant/Desktop/ROS2/install/serial_motor_demo' in the environment variable AMENT_PREFIX_PATH doesn't exist
[0.194s] WARNING:colcon.colcon_ros.prefix_path.ament:The path '/home/subhanjal-pant/Desktop/ROS2/install/serial_motor_demo_msgs' in the environment variable AMENT_PREFIX_PATH doesn't exist
[0.194s] WARNING:colcon.colcon_ros.prefix_path.ament:The path '/home/subhanjal-pant/Desktop/ROS2/install/articubot_one' in the environment variable AMENT_PREFIX_PATH doesn't exist
[0.194s] WARNING:colcon.colcon_ros.prefix_path.catkin:The path '/home/subhanjal-pant/Desktop/ROS2/install/serial_motor_demo_msgs' in the environment variable CMAKE_PREFIX_PATH doesn't exist
[0.194s] WARNING:colcon.colcon_ros.prefix_path.catkin:The path '/home/subhanjal-pant/Desktop/ROS2/install/articubot_one' in the environment variable CMAKE_PREFIX_PATH doesn't exist
[0.195s] DEBUG:colcon.colcon_installed_package_information.package_discovery:Found 0 installed packages in /home/subhanjal-pant/Desktop/ROS2/install
[0.197s] DEBUG:colcon.colcon_installed_package_information.package_discovery:Found 396 installed packages in /opt/ros/jazzy
[0.198s] Level 1:colcon.colcon_core.package_discovery:discover_packages(prefix_path) using defaults
[0.247s] Level 5:colcon.colcon_core.verb:set package 'articubot_one' build argument 'cmake_args' from command line to 'None'
[0.248s] Level 5:colcon.colcon_core.verb:set package 'articubot_one' build argument 'cmake_target' from command line to 'None'
[0.248s] Level 5:colcon.colcon_core.verb:set package 'articubot_one' build argument 'cmake_target_skip_unavailable' from command line to 'False'
[0.248s] Level 5:colcon.colcon_core.verb:set package 'articubot_one' build argument 'cmake_clean_cache' from command line to 'False'
[0.248s] Level 5:colcon.colcon_core.verb:set package 'articubot_one' build argument 'cmake_clean_first' from command line to 'False'
[0.248s] Level 5:colcon.colcon_core.verb:set package 'articubot_one' build argument 'cmake_force_configure' from command line to 'False'
[0.248s] Level 5:colcon.colcon_core.verb:set package 'articubot_one' build argument 'ament_cmake_args' from command line to 'None'
[0.248s] Level 5:colcon.colcon_core.verb:set package 'articubot_one' build argument 'catkin_cmake_args' from command line to 'None'
[0.248s] Level 5:colcon.colcon_core.verb:set package 'articubot_one' build argument 'catkin_skip_building_tests' from command line to 'False'
[0.248s] DEBUG:colcon.colcon_core.verb:Building package 'articubot_one' with the following arguments: {'ament_cmake_args': None, 'build_base': '/home/subhanjal-pant/Desktop/ROS2/build/articubot_one', 'catkin_cmake_args': None, 'catkin_skip_building_tests': False, 'cmake_args': None, 'cmake_clean_cache': False, 'cmake_clean_first': False, 'cmake_force_configure': False, 'cmake_target': None, 'cmake_target_skip_unavailable': False, 'install_base': '/home/subhanjal-pant/Desktop/ROS2/install/articubot_one', 'merge_install': False, 'path': '/home/subhanjal-pant/Desktop/ROS2/src/articubot_one', 'symlink_install': True, 'test_result_base': None}
[0.248s] Level 5:colcon.colcon_core.verb:set package 'serial_motor_demo_msgs' build argument 'cmake_args' from command line to 'None'
[0.248s] Level 5:colcon.colcon_core.verb:set package 'serial_motor_demo_msgs' build argument 'cmake_target' from command line to 'None'
[0.248s] Level 5:colcon.colcon_core.verb:set package 'serial_motor_demo_msgs' build argument 'cmake_target_skip_unavailable' from command line to 'False'
[0.248s] Level 5:colcon.colcon_core.verb:set package 'serial_motor_demo_msgs' build argument 'cmake_clean_cache' from command line to 'False'
[0.248s] Level 5:colcon.colcon_core.verb:set package 'serial_motor_demo_msgs' build argument 'cmake_clean_first' from command line to 'False'
[0.248s] Level 5:colcon.colcon_core.verb:set package 'serial_motor_demo_msgs' build argument 'cmake_force_configure' from command line to 'False'
[0.248s] Level 5:colcon.colcon_core.verb:set package 'serial_motor_demo_msgs' build argument 'ament_cmake_args' from command line to 'None'
[0.248s] Level 5:colcon.colcon_core.verb:set package 'serial_motor_demo_msgs' build argument 'catkin_cmake_args' from command line to 'None'
[0.248s] Level 5:colcon.colcon_core.verb:set package 'serial_motor_demo_msgs' build argument 'catkin_skip_building_tests' from command line to 'False'
[0.248s] DEBUG:colcon.colcon_core.verb:Building package 'serial_motor_demo_msgs' with the following arguments: {'ament_cmake_args': None, 'build_base': '/home/subhanjal-pant/Desktop/ROS2/build/serial_motor_demo_msgs', 'catkin_cmake_args': None, 'catkin_skip_building_tests': False, 'cmake_args': None, 'cmake_clean_cache': False, 'cmake_clean_first': False, 'cmake_force_configure': False, 'cmake_target': None, 'cmake_target_skip_unavailable': False, 'install_base': '/home/subhanjal-pant/Desktop/ROS2/install/serial_motor_demo_msgs', 'merge_install': False, 'path': '/home/subhanjal-pant/Desktop/ROS2/src/serial_motor_demo/serial_motor_demo_msgs', 'symlink_install': True, 'test_result_base': None}
[0.248s] Level 5:colcon.colcon_core.verb:set package 'serial_motor_demo' build argument 'cmake_args' from command line to 'None'
[0.248s] Level 5:colcon.colcon_core.verb:set package 'serial_motor_demo' build argument 'cmake_target' from command line to 'None'
[0.248s] Level 5:colcon.colcon_core.verb:set package 'serial_motor_demo' build argument 'cmake_target_skip_unavailable' from command line to 'False'
[0.248s] Level 5:colcon.colcon_core.verb:set package 'serial_motor_demo' build argument 'cmake_clean_cache' from command line to 'False'
[0.248s] Level 5:colcon.colcon_core.verb:set package 'serial_motor_demo' build argument 'cmake_clean_first' from command line to 'False'
[0.249s] Level 5:colcon.colcon_core.verb:set package 'serial_motor_demo' build argument 'cmake_force_configure' from command line to 'False'
[0.249s] Level 5:colcon.colcon_core.verb:set package 'serial_motor_demo' build argument 'ament_cmake_args' from command line to 'None'
[0.249s] Level 5:colcon.colcon_core.verb:set package 'serial_motor_demo' build argument 'catkin_cmake_args' from command line to 'None'
[0.249s] Level 5:colcon.colcon_core.verb:set package 'serial_motor_demo' build argument 'catkin_skip_building_tests' from command line to 'False'
[0.249s] DEBUG:colcon.colcon_core.verb:Building package 'serial_motor_demo' with the following arguments: {'ament_cmake_args': None, 'build_base': '/home/subhanjal-pant/Desktop/ROS2/build/serial_motor_demo', 'catkin_cmake_args': None, 'catkin_skip_building_tests': False, 'cmake_args': None, 'cmake_clean_cache': False, 'cmake_clean_first': False, 'cmake_force_configure': False, 'cmake_target': None, 'cmake_target_skip_unavailable': False, 'install_base': '/home/subhanjal-pant/Desktop/ROS2/install/serial_motor_demo', 'merge_install': False, 'path': '/home/subhanjal-pant/Desktop/ROS2/src/serial_motor_demo/serial_motor_demo', 'symlink_install': True, 'test_result_base': None}
[0.249s] INFO:colcon.colcon_core.executor:Executing jobs using 'parallel' executor
[0.250s] DEBUG:colcon.colcon_parallel_executor.executor.parallel:run_until_complete
[0.250s] INFO:colcon.colcon_ros.task.ament_cmake.build:Building ROS package in '/home/subhanjal-pant/Desktop/ROS2/src/serial_motor_demo/serial_motor_demo_msgs' with build type 'ament_cmake'
[0.250s] INFO:colcon.colcon_cmake.task.cmake.build:Building CMake package in '/home/subhanjal-pant/Desktop/ROS2/src/serial_motor_demo/serial_motor_demo_msgs'
[0.252s] INFO:colcon.colcon_core.plugin_system:Skipping extension 'colcon_core.shell.bat': Not used on non-Windows systems
[0.252s] INFO:colcon.colcon_core.shell:Skip shell extension 'powershell' for command environment: Not usable outside of PowerShell
[0.252s] DEBUG:colcon.colcon_core.shell:Skip shell extension 'dsv' for command environment
[0.256s] INFO:colcon.colcon_ros.task.ament_cmake.build:Building ROS package in '/home/subhanjal-pant/Desktop/ROS2/src/articubot_one' with build type 'ament_cmake'
[0.256s] INFO:colcon.colcon_cmake.task.cmake.build:Building CMake package in '/home/subhanjal-pant/Desktop/ROS2/src/articubot_one'
[0.256s] INFO:colcon.colcon_core.shell:Skip shell extension 'powershell' for command environment: Not usable outside of PowerShell
[0.256s] DEBUG:colcon.colcon_core.shell:Skip shell extension 'dsv' for command environment
[0.263s] DEBUG:colcon.colcon_core.event_handler.log_command:Invoking command in '/home/subhanjal-pant/Desktop/ROS2/build/serial_motor_demo_msgs': CMAKE_PREFIX_PATH=${CMAKE_PREFIX_PATH}:/home/subhanjal-pant/Desktop/ROS2/install/serial_motor_demo:/opt/ros/jazzy DEBUGINFOD_URLS=https://debuginfod.ubuntu.com /usr/bin/cmake /home/subhanjal-pant/Desktop/ROS2/src/serial_motor_demo/serial_motor_demo_msgs -DAMENT_CMAKE_SYMLINK_INSTALL=1 -DCMAKE_INSTALL_PREFIX=/home/subhanjal-pant/Desktop/ROS2/install/serial_motor_demo_msgs
[0.267s] DEBUG:colcon.colcon_core.event_handler.log_command:Invoking command in '/home/subhanjal-pant/Desktop/ROS2/build/articubot_one': CMAKE_PREFIX_PATH=${CMAKE_PREFIX_PATH}:/home/subhanjal-pant/Desktop/ROS2/install/serial_motor_demo:/opt/ros/jazzy DEBUGINFOD_URLS=https://debuginfod.ubuntu.com /usr/bin/cmake /home/subhanjal-pant/Desktop/ROS2/src/articubot_one -DAMENT_CMAKE_SYMLINK_INSTALL=1 -DCMAKE_INSTALL_PREFIX=/home/subhanjal-pant/Desktop/ROS2/install/articubot_one
[1.303s] DEBUG:colcon.colcon_core.event_handler.log_command:Invoked command in '/home/subhanjal-pant/Desktop/ROS2/build/articubot_one' returned '0': CMAKE_PREFIX_PATH=${CMAKE_PREFIX_PATH}:/home/subhanjal-pant/Desktop/ROS2/install/serial_motor_demo:/opt/ros/jazzy DEBUGINFOD_URLS=https://debuginfod.ubuntu.com /usr/bin/cmake /home/subhanjal-pant/Desktop/ROS2/src/articubot_one -DAMENT_CMAKE_SYMLINK_INSTALL=1 -DCMAKE_INSTALL_PREFIX=/home/subhanjal-pant/Desktop/ROS2/install/articubot_one
[1.304s] DEBUG:colcon.colcon_core.event_handler.log_command:Invoking command in '/home/subhanjal-pant/Desktop/ROS2/build/articubot_one': CMAKE_PREFIX_PATH=${CMAKE_PREFIX_PATH}:/home/subhanjal-pant/Desktop/ROS2/install/serial_motor_demo:/opt/ros/jazzy DEBUGINFOD_URLS=https://debuginfod.ubuntu.com /usr/bin/cmake --build /home/subhanjal-pant/Desktop/ROS2/build/articubot_one -- -j28 -l28
[1.349s] DEBUG:colcon.colcon_core.event_handler.log_command:Invoked command in '/home/subhanjal-pant/Desktop/ROS2/build/articubot_one' returned '0': CMAKE_PREFIX_PATH=${CMAKE_PREFIX_PATH}:/home/subhanjal-pant/Desktop/ROS2/install/serial_motor_demo:/opt/ros/jazzy DEBUGINFOD_URLS=https://debuginfod.ubuntu.com /usr/bin/cmake --build /home/subhanjal-pant/Desktop/ROS2/build/articubot_one -- -j28 -l28
[1.360s] DEBUG:colcon.colcon_core.event_handler.log_command:Invoking command in '/home/subhanjal-pant/Desktop/ROS2/build/articubot_one': CMAKE_PREFIX_PATH=${CMAKE_PREFIX_PATH}:/home/subhanjal-pant/Desktop/ROS2/install/serial_motor_demo:/opt/ros/jazzy DEBUGINFOD_URLS=https://debuginfod.ubuntu.com /usr/bin/cmake --install /home/subhanjal-pant/Desktop/ROS2/build/articubot_one
[1.779s] Level 1:colcon.colcon_core.environment:create_environment_scripts_only(articubot_one)
[1.780s] DEBUG:colcon.colcon_core.event_handler.log_command:Invoked command in '/home/subhanjal-pant/Desktop/ROS2/build/articubot_one' returned '0': CMAKE_PREFIX_PATH=${CMAKE_PREFIX_PATH}:/home/subhanjal-pant/Desktop/ROS2/install/serial_motor_demo:/opt/ros/jazzy DEBUGINFOD_URLS=https://debuginfod.ubuntu.com /usr/bin/cmake --install /home/subhanjal-pant/Desktop/ROS2/build/articubot_one
[1.782s] Level 1:colcon.colcon_core.environment:checking '/home/subhanjal-pant/Desktop/ROS2/install/articubot_one' for CMake module files
[1.783s] Level 1:colcon.colcon_core.environment:checking '/home/subhanjal-pant/Desktop/ROS2/install/articubot_one' for CMake config files
[1.783s] Level 1:colcon.colcon_core.shell:create_environment_hook('articubot_one', 'cmake_prefix_path')
[1.784s] INFO:colcon.colcon_core.shell:Creating environment hook '/home/subhanjal-pant/Desktop/ROS2/install/articubot_one/share/articubot_one/hook/cmake_prefix_path.ps1'
[1.784s] INFO:colcon.colcon_core.shell:Creating environment descriptor '/home/subhanjal-pant/Desktop/ROS2/install/articubot_one/share/articubot_one/hook/cmake_prefix_path.dsv'
[1.785s] INFO:colcon.colcon_core.shell:Creating environment hook '/home/subhanjal-pant/Desktop/ROS2/install/articubot_one/share/articubot_one/hook/cmake_prefix_path.sh'
[1.786s] Level 1:colcon.colcon_core.environment:checking '/home/subhanjal-pant/Desktop/ROS2/install/articubot_one/bin'
[1.786s] Level 1:colcon.colcon_core.environment:checking '/home/subhanjal-pant/Desktop/ROS2/install/articubot_one/lib/pkgconfig/articubot_one.pc'
[1.786s] Level 1:colcon.colcon_core.environment:checking '/home/subhanjal-pant/Desktop/ROS2/install/articubot_one/lib/python3.12/site-packages'
[1.787s] Level 1:colcon.colcon_core.environment:checking '/home/subhanjal-pant/Desktop/ROS2/install/articubot_one/bin'
[1.787s] INFO:colcon.colcon_core.shell:Creating package script '/home/subhanjal-pant/Desktop/ROS2/install/articubot_one/share/articubot_one/package.ps1'
[1.788s] INFO:colcon.colcon_core.shell:Creating package descriptor '/home/subhanjal-pant/Desktop/ROS2/install/articubot_one/share/articubot_one/package.dsv'
[1.788s] INFO:colcon.colcon_core.shell:Creating package script '/home/subhanjal-pant/Desktop/ROS2/install/articubot_one/share/articubot_one/package.sh'
[1.789s] INFO:colcon.colcon_core.shell:Creating package script '/home/subhanjal-pant/Desktop/ROS2/install/articubot_one/share/articubot_one/package.bash'
[1.789s] INFO:colcon.colcon_core.shell:Creating package script '/home/subhanjal-pant/Desktop/ROS2/install/articubot_one/share/articubot_one/package.zsh'
[1.790s] Level 1:colcon.colcon_core.environment:create_file_with_runtime_dependencies(/home/subhanjal-pant/Desktop/ROS2/install/articubot_one/share/colcon-core/packages/articubot_one)
[1.791s] Level 1:colcon.colcon_core.environment:create_environment_scripts_only(articubot_one)
[1.791s] Level 1:colcon.colcon_core.environment:checking '/home/subhanjal-pant/Desktop/ROS2/install/articubot_one' for CMake module files
[1.792s] Level 1:colcon.colcon_core.environment:checking '/home/subhanjal-pant/Desktop/ROS2/install/articubot_one' for CMake config files
[1.792s] Level 1:colcon.colcon_core.shell:create_environment_hook('articubot_one', 'cmake_prefix_path')
[1.792s] INFO:colcon.colcon_core.shell:Creating environment hook '/home/subhanjal-pant/Desktop/ROS2/install/articubot_one/share/articubot_one/hook/cmake_prefix_path.ps1'
[1.793s] INFO:colcon.colcon_core.shell:Creating environment descriptor '/home/subhanjal-pant/Desktop/ROS2/install/articubot_one/share/articubot_one/hook/cmake_prefix_path.dsv'
[1.793s] INFO:colcon.colcon_core.shell:Creating environment hook '/home/subhanjal-pant/Desktop/ROS2/install/articubot_one/share/articubot_one/hook/cmake_prefix_path.sh'
[1.794s] Level 1:colcon.colcon_core.environment:checking '/home/subhanjal-pant/Desktop/ROS2/install/articubot_one/bin'
[1.794s] Level 1:colcon.colcon_core.environment:checking '/home/subhanjal-pant/Desktop/ROS2/install/articubot_one/lib/pkgconfig/articubot_one.pc'
[1.794s] Level 1:colcon.colcon_core.environment:checking '/home/subhanjal-pant/Desktop/ROS2/install/articubot_one/lib/python3.12/site-packages'
[1.795s] Level 1:colcon.colcon_core.environment:checking '/home/subhanjal-pant/Desktop/ROS2/install/articubot_one/bin'
[1.795s] INFO:colcon.colcon_core.shell:Creating package script '/home/subhanjal-pant/Desktop/ROS2/install/articubot_one/share/articubot_one/package.ps1'
[1.795s] INFO:colcon.colcon_core.shell:Creating package descriptor '/home/subhanjal-pant/Desktop/ROS2/install/articubot_one/share/articubot_one/package.dsv'
[1.796s] INFO:colcon.colcon_core.shell:Creating package script '/home/subhanjal-pant/Desktop/ROS2/install/articubot_one/share/articubot_one/package.sh'
[1.796s] INFO:colcon.colcon_core.shell:Creating package script '/home/subhanjal-pant/Desktop/ROS2/install/articubot_one/share/articubot_one/package.bash'
[1.797s] INFO:colcon.colcon_core.shell:Creating package script '/home/subhanjal-pant/Desktop/ROS2/install/articubot_one/share/articubot_one/package.zsh'
[1.797s] Level 1:colcon.colcon_core.environment:create_file_with_runtime_dependencies(/home/subhanjal-pant/Desktop/ROS2/install/articubot_one/share/colcon-core/packages/articubot_one)
[4.117s] DEBUG:colcon.colcon_core.event_handler.log_command:Invoked command in '/home/subhanjal-pant/Desktop/ROS2/build/serial_motor_demo_msgs' returned '0': CMAKE_PREFIX_PATH=${CMAKE_PREFIX_PATH}:/home/subhanjal-pant/Desktop/ROS2/install/serial_motor_demo:/opt/ros/jazzy DEBUGINFOD_URLS=https://debuginfod.ubuntu.com /usr/bin/cmake /home/subhanjal-pant/Desktop/ROS2/src/serial_motor_demo/serial_motor_demo_msgs -DAMENT_CMAKE_SYMLINK_INSTALL=1 -DCMAKE_INSTALL_PREFIX=/home/subhanjal-pant/Desktop/ROS2/install/serial_motor_demo_msgs
[4.117s] DEBUG:colcon.colcon_core.event_handler.log_command:Invoking command in '/home/subhanjal-pant/Desktop/ROS2/build/serial_motor_demo_msgs': CMAKE_PREFIX_PATH=${CMAKE_PREFIX_PATH}:/home/subhanjal-pant/Desktop/ROS2/install/serial_motor_demo:/opt/ros/jazzy DEBUGINFOD_URLS=https://debuginfod.ubuntu.com /usr/bin/cmake --build /home/subhanjal-pant/Desktop/ROS2/build/serial_motor_demo_msgs -- -j28 -l28
[6.912s] DEBUG:colcon.colcon_core.event_handler.log_command:Invoked command in '/home/subhanjal-pant/Desktop/ROS2/build/serial_motor_demo_msgs' returned '0': CMAKE_PREFIX_PATH=${CMAKE_PREFIX_PATH}:/home/subhanjal-pant/Desktop/ROS2/install/serial_motor_demo:/opt/ros/jazzy DEBUGINFOD_URLS=https://debuginfod.ubuntu.com /usr/bin/cmake --build /home/subhanjal-pant/Desktop/ROS2/build/serial_motor_demo_msgs -- -j28 -l28
[6.913s] DEBUG:colcon.colcon_core.event_handler.log_command:Invoking command in '/home/subhanjal-pant/Desktop/ROS2/build/serial_motor_demo_msgs': CMAKE_PREFIX_PATH=${CMAKE_PREFIX_PATH}:/home/subhanjal-pant/Desktop/ROS2/install/serial_motor_demo:/opt/ros/jazzy DEBUGINFOD_URLS=https://debuginfod.ubuntu.com /usr/bin/cmake --install /home/subhanjal-pant/Desktop/ROS2/build/serial_motor_demo_msgs
[8.066s] Level 1:colcon.colcon_core.environment:create_environment_scripts_only(serial_motor_demo_msgs)
[8.067s] Level 1:colcon.colcon_core.environment:checking '/home/subhanjal-pant/Desktop/ROS2/install/serial_motor_demo_msgs' for CMake module files
[8.067s] DEBUG:colcon.colcon_core.event_handler.log_command:Invoked command in '/home/subhanjal-pant/Desktop/ROS2/build/serial_motor_demo_msgs' returned '0': CMAKE_PREFIX_PATH=${CMAKE_PREFIX_PATH}:/home/subhanjal-pant/Desktop/ROS2/install/serial_motor_demo:/opt/ros/jazzy DEBUGINFOD_URLS=https://debuginfod.ubuntu.com /usr/bin/cmake --install /home/subhanjal-pant/Desktop/ROS2/build/serial_motor_demo_msgs
[8.068s] Level 1:colcon.colcon_core.environment:checking '/home/subhanjal-pant/Desktop/ROS2/install/serial_motor_demo_msgs' for CMake config files
[8.068s] Level 1:colcon.colcon_core.shell:create_environment_hook('serial_motor_demo_msgs', 'cmake_prefix_path')
[8.068s] INFO:colcon.colcon_core.shell:Creating environment hook '/home/subhanjal-pant/Desktop/ROS2/install/serial_motor_demo_msgs/share/serial_motor_demo_msgs/hook/cmake_prefix_path.ps1'
[8.069s] INFO:colcon.colcon_core.shell:Creating environment descriptor '/home/subhanjal-pant/Desktop/ROS2/install/serial_motor_demo_msgs/share/serial_motor_demo_msgs/hook/cmake_prefix_path.dsv'
[8.069s] INFO:colcon.colcon_core.shell:Creating environment hook '/home/subhanjal-pant/Desktop/ROS2/install/serial_motor_demo_msgs/share/serial_motor_demo_msgs/hook/cmake_prefix_path.sh'
[8.069s] Level 1:colcon.colcon_core.environment:checking '/home/subhanjal-pant/Desktop/ROS2/install/serial_motor_demo_msgs/lib'
[8.070s] Level 1:colcon.colcon_core.shell:create_environment_hook('serial_motor_demo_msgs', 'ld_library_path_lib')
[8.070s] INFO:colcon.colcon_core.shell:Creating environment hook '/home/subhanjal-pant/Desktop/ROS2/install/serial_motor_demo_msgs/share/serial_motor_demo_msgs/hook/ld_library_path_lib.ps1'
[8.070s] INFO:colcon.colcon_core.shell:Creating environment descriptor '/home/subhanjal-pant/Desktop/ROS2/install/serial_motor_demo_msgs/share/serial_motor_demo_msgs/hook/ld_library_path_lib.dsv'
[8.070s] INFO:colcon.colcon_core.shell:Creating environment hook '/home/subhanjal-pant/Desktop/ROS2/install/serial_motor_demo_msgs/share/serial_motor_demo_msgs/hook/ld_library_path_lib.sh'
[8.071s] Level 1:colcon.colcon_core.environment:checking '/home/subhanjal-pant/Desktop/ROS2/install/serial_motor_demo_msgs/bin'
[8.071s] Level 1:colcon.colcon_core.environment:checking '/home/subhanjal-pant/Desktop/ROS2/install/serial_motor_demo_msgs/lib/pkgconfig/serial_motor_demo_msgs.pc'
[8.071s] Level 1:colcon.colcon_core.environment:checking '/home/subhanjal-pant/Desktop/ROS2/install/serial_motor_demo_msgs/lib/python3.12/site-packages'
[8.071s] Level 1:colcon.colcon_core.shell:create_environment_hook('serial_motor_demo_msgs', 'pythonpath')
[8.071s] INFO:colcon.colcon_core.shell:Creating environment hook '/home/subhanjal-pant/Desktop/ROS2/install/serial_motor_demo_msgs/share/serial_motor_demo_msgs/hook/pythonpath.ps1'
[8.072s] INFO:colcon.colcon_core.shell:Creating environment descriptor '/home/subhanjal-pant/Desktop/ROS2/install/serial_motor_demo_msgs/share/serial_motor_demo_msgs/hook/pythonpath.dsv'
[8.072s] INFO:colcon.colcon_core.shell:Creating environment hook '/home/subhanjal-pant/Desktop/ROS2/install/serial_motor_demo_msgs/share/serial_motor_demo_msgs/hook/pythonpath.sh'
[8.073s] Level 1:colcon.colcon_core.environment:checking '/home/subhanjal-pant/Desktop/ROS2/install/serial_motor_demo_msgs/bin'
[8.073s] INFO:colcon.colcon_core.shell:Creating package script '/home/subhanjal-pant/Desktop/ROS2/install/serial_motor_demo_msgs/share/serial_motor_demo_msgs/package.ps1'
[8.073s] INFO:colcon.colcon_core.shell:Creating package descriptor '/home/subhanjal-pant/Desktop/ROS2/install/serial_motor_demo_msgs/share/serial_motor_demo_msgs/package.dsv'
[8.074s] INFO:colcon.colcon_core.shell:Creating package script '/home/subhanjal-pant/Desktop/ROS2/install/serial_motor_demo_msgs/share/serial_motor_demo_msgs/package.sh'
[8.074s] INFO:colcon.colcon_core.shell:Creating package script '/home/subhanjal-pant/Desktop/ROS2/install/serial_motor_demo_msgs/share/serial_motor_demo_msgs/package.bash'
[8.074s] INFO:colcon.colcon_core.shell:Creating package script '/home/subhanjal-pant/Desktop/ROS2/install/serial_motor_demo_msgs/share/serial_motor_demo_msgs/package.zsh'
[8.075s] Level 1:colcon.colcon_core.environment:create_file_with_runtime_dependencies(/home/subhanjal-pant/Desktop/ROS2/install/serial_motor_demo_msgs/share/colcon-core/packages/serial_motor_demo_msgs)
[8.075s] Level 1:colcon.colcon_core.environment:create_environment_scripts_only(serial_motor_demo_msgs)
[8.075s] Level 1:colcon.colcon_core.environment:checking '/home/subhanjal-pant/Desktop/ROS2/install/serial_motor_demo_msgs' for CMake module files
[8.076s] Level 1:colcon.colcon_core.environment:checking '/home/subhanjal-pant/Desktop/ROS2/install/serial_motor_demo_msgs' for CMake config files
[8.077s] Level 1:colcon.colcon_core.shell:create_environment_hook('serial_motor_demo_msgs', 'cmake_prefix_path')
[8.077s] INFO:colcon.colcon_core.shell:Creating environment hook '/home/subhanjal-pant/Desktop/ROS2/install/serial_motor_demo_msgs/share/serial_motor_demo_msgs/hook/cmake_prefix_path.ps1'
[8.077s] INFO:colcon.colcon_core.shell:Creating environment descriptor '/home/subhanjal-pant/Desktop/ROS2/install/serial_motor_demo_msgs/share/serial_motor_demo_msgs/hook/cmake_prefix_path.dsv'
[8.077s] INFO:colcon.colcon_core.shell:Creating environment hook '/home/subhanjal-pant/Desktop/ROS2/install/serial_motor_demo_msgs/share/serial_motor_demo_msgs/hook/cmake_prefix_path.sh'
[8.078s] Level 1:colcon.colcon_core.environment:checking '/home/subhanjal-pant/Desktop/ROS2/install/serial_motor_demo_msgs/lib'
[8.078s] Level 1:colcon.colcon_core.shell:create_environment_hook('serial_motor_demo_msgs', 'ld_library_path_lib')
[8.078s] INFO:colcon.colcon_core.shell:Creating environment hook '/home/subhanjal-pant/Desktop/ROS2/install/serial_motor_demo_msgs/share/serial_motor_demo_msgs/hook/ld_library_path_lib.ps1'
[8.079s] INFO:colcon.colcon_core.shell:Creating environment descriptor '/home/subhanjal-pant/Desktop/ROS2/install/serial_motor_demo_msgs/share/serial_motor_demo_msgs/hook/ld_library_path_lib.dsv'
[8.079s] INFO:colcon.colcon_core.shell:Creating environment hook '/home/subhanjal-pant/Desktop/ROS2/install/serial_motor_demo_msgs/share/serial_motor_demo_msgs/hook/ld_library_path_lib.sh'
[8.080s] Level 1:colcon.colcon_core.environment:checking '/home/subhanjal-pant/Desktop/ROS2/install/serial_motor_demo_msgs/bin'
[8.080s] Level 1:colcon.colcon_core.environment:checking '/home/subhanjal-pant/Desktop/ROS2/install/serial_motor_demo_msgs/lib/pkgconfig/serial_motor_demo_msgs.pc'
[8.080s] Level 1:colcon.colcon_core.environment:checking '/home/subhanjal-pant/Desktop/ROS2/install/serial_motor_demo_msgs/lib/python3.12/site-packages'
[8.080s] Level 1:colcon.colcon_core.shell:create_environment_hook('serial_motor_demo_msgs', 'pythonpath')
[8.080s] INFO:colcon.colcon_core.shell:Creating environment hook '/home/subhanjal-pant/Desktop/ROS2/install/serial_motor_demo_msgs/share/serial_motor_demo_msgs/hook/pythonpath.ps1'
[8.081s] INFO:colcon.colcon_core.shell:Creating environment descriptor '/home/subhanjal-pant/Desktop/ROS2/install/serial_motor_demo_msgs/share/serial_motor_demo_msgs/hook/pythonpath.dsv'
[8.081s] INFO:colcon.colcon_core.shell:Creating environment hook '/home/subhanjal-pant/Desktop/ROS2/install/serial_motor_demo_msgs/share/serial_motor_demo_msgs/hook/pythonpath.sh'
[8.082s] Level 1:colcon.colcon_core.environment:checking '/home/subhanjal-pant/Desktop/ROS2/install/serial_motor_demo_msgs/bin'
[8.082s] INFO:colcon.colcon_core.shell:Creating package script '/home/subhanjal-pant/Desktop/ROS2/install/serial_motor_demo_msgs/share/serial_motor_demo_msgs/package.ps1'
[8.083s] INFO:colcon.colcon_core.shell:Creating package descriptor '/home/subhanjal-pant/Desktop/ROS2/install/serial_motor_demo_msgs/share/serial_motor_demo_msgs/package.dsv'
[8.084s] INFO:colcon.colcon_core.shell:Creating package script '/home/subhanjal-pant/Desktop/ROS2/install/serial_motor_demo_msgs/share/serial_motor_demo_msgs/package.sh'
[8.085s] INFO:colcon.colcon_core.shell:Creating package script '/home/subhanjal-pant/Desktop/ROS2/install/serial_motor_demo_msgs/share/serial_motor_demo_msgs/package.bash'
[8.086s] INFO:colcon.colcon_core.shell:Creating package script '/home/subhanjal-pant/Desktop/ROS2/install/serial_motor_demo_msgs/share/serial_motor_demo_msgs/package.zsh'
[8.086s] Level 1:colcon.colcon_core.environment:create_file_with_runtime_dependencies(/home/subhanjal-pant/Desktop/ROS2/install/serial_motor_demo_msgs/share/colcon-core/packages/serial_motor_demo_msgs)
[8.087s] INFO:colcon.colcon_ros.task.ament_python.build:Building ROS package in '/home/subhanjal-pant/Desktop/ROS2/src/serial_motor_demo/serial_motor_demo' with build type 'ament_python'
[8.087s] Level 1:colcon.colcon_core.shell:create_environment_hook('serial_motor_demo', 'ament_prefix_path')
[8.087s] INFO:colcon.colcon_core.shell:Creating environment hook '/home/subhanjal-pant/Desktop/ROS2/install/serial_motor_demo/share/serial_motor_demo/hook/ament_prefix_path.ps1'
[8.089s] INFO:colcon.colcon_core.shell:Creating environment descriptor '/home/subhanjal-pant/Desktop/ROS2/install/serial_motor_demo/share/serial_motor_demo/hook/ament_prefix_path.dsv'
[8.089s] INFO:colcon.colcon_core.shell:Creating environment hook '/home/subhanjal-pant/Desktop/ROS2/install/serial_motor_demo/share/serial_motor_demo/hook/ament_prefix_path.sh'
[8.090s] INFO:colcon.colcon_core.shell:Skip shell extension 'powershell' for command environment: Not usable outside of PowerShell
[8.090s] DEBUG:colcon.colcon_core.shell:Skip shell extension 'dsv' for command environment
[8.357s] INFO:colcon.colcon_core.task.python.build:Building Python package in '/home/subhanjal-pant/Desktop/ROS2/src/serial_motor_demo/serial_motor_demo'
[8.358s] INFO:colcon.colcon_core.shell:Skip shell extension 'powershell' for command environment: Not usable outside of PowerShell
[8.358s] DEBUG:colcon.colcon_core.shell:Skip shell extension 'dsv' for command environment
[8.952s] DEBUG:colcon.colcon_core.event_handler.log_command:Invoking command in '/home/subhanjal-pant/Desktop/ROS2/build/serial_motor_demo': DEBUGINFOD_URLS=https://debuginfod.ubuntu.com PYTHONPATH=/home/subhanjal-pant/Desktop/ROS2/build/serial_motor_demo/prefix_override:/usr/lib/python3/dist-packages/colcon_core/task/python/colcon_distutils_commands:/home/subhanjal-pant/Desktop/ROS2/install/serial_motor_demo/lib/python3.12/site-packages:/home/subhanjal-pant/Desktop/ROS2/install/serial_motor_demo_msgs/lib/python3.12/site-packages:/home/subhanjal-pant/Desktop/ROS2/build/serial_motor_demo:/home/subhanjal-pant/Desktop/ROS2/install/serial_motor_demo/lib/python3.12/site-packages:/opt/ros/jazzy/lib/python3.12/site-packages /usr/bin/python3 -W ignore:setup.py install is deprecated -W ignore:easy_install command is deprecated setup.py develop --editable --build-directory /home/subhanjal-pant/Desktop/ROS2/build/serial_motor_demo/build --no-deps symlink_data
[9.562s] Level 1:colcon.colcon_core.shell:create_environment_hook('serial_motor_demo', 'pythonpath_develop')
[9.562s] INFO:colcon.colcon_core.shell:Creating environment hook '/home/subhanjal-pant/Desktop/ROS2/build/serial_motor_demo/share/serial_motor_demo/hook/pythonpath_develop.ps1'
[9.563s] DEBUG:colcon.colcon_core.event_handler.log_command:Invoked command in '/home/subhanjal-pant/Desktop/ROS2/build/serial_motor_demo' returned '0': DEBUGINFOD_URLS=https://debuginfod.ubuntu.com PYTHONPATH=/home/subhanjal-pant/Desktop/ROS2/build/serial_motor_demo/prefix_override:/usr/lib/python3/dist-packages/colcon_core/task/python/colcon_distutils_commands:/home/subhanjal-pant/Desktop/ROS2/install/serial_motor_demo/lib/python3.12/site-packages:/home/subhanjal-pant/Desktop/ROS2/install/serial_motor_demo_msgs/lib/python3.12/site-packages:/home/subhanjal-pant/Desktop/ROS2/build/serial_motor_demo:/home/subhanjal-pant/Desktop/ROS2/install/serial_motor_demo/lib/python3.12/site-packages:/opt/ros/jazzy/lib/python3.12/site-packages /usr/bin/python3 -W ignore:setup.py install is deprecated -W ignore:easy_install command is deprecated setup.py develop --editable --build-directory /home/subhanjal-pant/Desktop/ROS2/build/serial_motor_demo/build --no-deps symlink_data
[9.563s] INFO:colcon.colcon_core.shell:Creating environment descriptor '/home/subhanjal-pant/Desktop/ROS2/build/serial_motor_demo/share/serial_motor_demo/hook/pythonpath_develop.dsv'
[9.564s] INFO:colcon.colcon_core.shell:Creating environment hook '/home/subhanjal-pant/Desktop/ROS2/build/serial_motor_demo/share/serial_motor_demo/hook/pythonpath_develop.sh'
[9.564s] Level 1:colcon.colcon_core.environment:checking '/home/subhanjal-pant/Desktop/ROS2/install/serial_motor_demo' for CMake module files
[9.564s] Level 1:colcon.colcon_core.environment:checking '/home/subhanjal-pant/Desktop/ROS2/install/serial_motor_demo' for CMake config files
[9.565s] Level 1:colcon.colcon_core.environment:checking '/home/subhanjal-pant/Desktop/ROS2/install/serial_motor_demo/lib'
[9.565s] Level 1:colcon.colcon_core.environment:checking '/home/subhanjal-pant/Desktop/ROS2/install/serial_motor_demo/bin'
[9.565s] Level 1:colcon.colcon_core.environment:checking '/home/subhanjal-pant/Desktop/ROS2/install/serial_motor_demo/lib/pkgconfig/serial_motor_demo.pc'
[9.565s] Level 1:colcon.colcon_core.environment:checking '/home/subhanjal-pant/Desktop/ROS2/install/serial_motor_demo/lib/python3.12/site-packages'
[9.565s] Level 1:colcon.colcon_core.shell:create_environment_hook('serial_motor_demo', 'pythonpath')
[9.565s] INFO:colcon.colcon_core.shell:Creating environment hook '/home/subhanjal-pant/Desktop/ROS2/install/serial_motor_demo/share/serial_motor_demo/hook/pythonpath.ps1'
[9.566s] INFO:colcon.colcon_core.shell:Creating environment descriptor '/home/subhanjal-pant/Desktop/ROS2/install/serial_motor_demo/share/serial_motor_demo/hook/pythonpath.dsv'
[9.566s] INFO:colcon.colcon_core.shell:Creating environment hook '/home/subhanjal-pant/Desktop/ROS2/install/serial_motor_demo/share/serial_motor_demo/hook/pythonpath.sh'
[9.567s] Level 1:colcon.colcon_core.environment:checking '/home/subhanjal-pant/Desktop/ROS2/install/serial_motor_demo/bin'
[9.567s] Level 1:colcon.colcon_core.environment:create_environment_scripts_only(serial_motor_demo)
[9.567s] INFO:colcon.colcon_core.shell:Creating package script '/home/subhanjal-pant/Desktop/ROS2/install/serial_motor_demo/share/serial_motor_demo/package.ps1'
[9.567s] INFO:colcon.colcon_core.shell:Creating package descriptor '/home/subhanjal-pant/Desktop/ROS2/install/serial_motor_demo/share/serial_motor_demo/package.dsv'
[9.568s] INFO:colcon.colcon_core.shell:Creating package script '/home/subhanjal-pant/Desktop/ROS2/install/serial_motor_demo/share/serial_motor_demo/package.sh'
[9.568s] INFO:colcon.colcon_core.shell:Creating package script '/home/subhanjal-pant/Desktop/ROS2/install/serial_motor_demo/share/serial_motor_demo/package.bash'
[9.568s] INFO:colcon.colcon_core.shell:Creating package script '/home/subhanjal-pant/Desktop/ROS2/install/serial_motor_demo/share/serial_motor_demo/package.zsh'
[9.568s] Level 1:colcon.colcon_core.environment:create_file_with_runtime_dependencies(/home/subhanjal-pant/Desktop/ROS2/install/serial_motor_demo/share/colcon-core/packages/serial_motor_demo)
[9.569s] DEBUG:colcon.colcon_parallel_executor.executor.parallel:closing loop
[9.569s] DEBUG:colcon.colcon_parallel_executor.executor.parallel:loop closed
[9.569s] DEBUG:colcon.colcon_parallel_executor.executor.parallel:run_until_complete finished with '0'
[9.569s] DEBUG:colcon.colcon_core.event_reactor:joining thread
[9.575s] INFO:colcon.colcon_core.plugin_system:Skipping extension 'colcon_notification.desktop_notification.terminal_notifier': Not used on non-Darwin systems
[9.575s] INFO:colcon.colcon_core.plugin_system:Skipping extension 'colcon_notification.desktop_notification.win32': Not used on non-Windows systems
[9.575s] INFO:colcon.colcon_notification.desktop_notification:Sending desktop notification using 'notify2'
[9.595s] DEBUG:colcon.colcon_core.event_reactor:joined thread
[9.596s] INFO:colcon.colcon_core.shell:Creating prefix script '/home/subhanjal-pant/Desktop/ROS2/install/local_setup.ps1'
[9.597s] INFO:colcon.colcon_core.shell:Creating prefix util module '/home/subhanjal-pant/Desktop/ROS2/install/_local_setup_util_ps1.py'
[9.598s] INFO:colcon.colcon_core.shell:Creating prefix chain script '/home/subhanjal-pant/Desktop/ROS2/install/setup.ps1'
[9.600s] INFO:colcon.colcon_core.shell:Creating prefix script '/home/subhanjal-pant/Desktop/ROS2/install/local_setup.sh'
[9.600s] INFO:colcon.colcon_core.shell:Creating prefix util module '/home/subhanjal-pant/Desktop/ROS2/install/_local_setup_util_sh.py'
[9.601s] INFO:colcon.colcon_core.shell:Creating prefix chain script '/home/subhanjal-pant/Desktop/ROS2/install/setup.sh'
[9.603s] INFO:colcon.colcon_core.shell:Creating prefix script '/home/subhanjal-pant/Desktop/ROS2/install/local_setup.bash'
[9.603s] INFO:colcon.colcon_core.shell:Creating prefix chain script '/home/subhanjal-pant/Desktop/ROS2/install/setup.bash'
[9.605s] INFO:colcon.colcon_core.shell:Creating prefix script '/home/subhanjal-pant/Desktop/ROS2/install/local_setup.zsh'
[9.605s] INFO:colcon.colcon_core.shell:Creating prefix chain script '/home/subhanjal-pant/Desktop/ROS2/install/setup.zsh'
