[0.012s] Invoking command in '/home/subhanjal-pant/Desktop/ROS2/build/serial_motor_demo_msgs': CMAKE_PREFIX_PATH=${CMAKE_PREFIX_PATH}:/home/subhanjal-pant/Desktop/ROS2/install/serial_motor_demo:/opt/ros/jazzy DEBUGINFOD_URLS=https://debuginfod.ubuntu.com /usr/bin/cmake /home/subhanjal-pant/Desktop/ROS2/src/serial_motor_demo/serial_motor_demo_msgs -DAMENT_CMAKE_SYMLINK_INSTALL=1 -DCMAKE_INSTALL_PREFIX=/home/subhanjal-pant/Desktop/ROS2/install/serial_motor_demo_msgs
[0.088s] -- The C compiler identification is GNU 13.3.0
[0.170s] -- The CXX compiler identification is GNU 13.3.0
[0.194s] -- Detecting C compiler ABI info
[0.320s] -- Detecting C compiler ABI info - done
[0.336s] -- Check for working C compiler: /usr/bin/cc - skipped
[0.337s] -- Detecting C compile features
[0.337s] -- Detecting C compile features - done
[0.352s] -- Detecting CXX compiler ABI info
[0.496s] -- Detecting CXX compiler ABI info - done
[0.511s] -- Check for working CXX compiler: /usr/bin/c++ - skipped
[0.511s] -- Detecting CXX compile features
[0.512s] -- Detecting CXX compile features - done
[0.518s] -- Found ament_cmake: 2.5.5 (/opt/ros/jazzy/share/ament_cmake/cmake)
[0.744s] -- Found Python3: /usr/bin/python3 (found version "3.12.3") found components: Interpreter 
[0.838s] -- Override CMake install command with custom implementation using symlinks instead of copying resources
[0.892s] -- Found ament_lint_auto: 0.17.4 (/opt/ros/jazzy/share/ament_lint_auto/cmake)
[1.043s] -- Found rosidl_default_generators: 1.6.0 (/opt/ros/jazzy/share/rosidl_default_generators/cmake)
[1.054s] -- Using all available rosidl_typesupport_c: rosidl_typesupport_fastrtps_c;rosidl_typesupport_introspection_c
[1.129s] -- Using all available rosidl_typesupport_cpp: rosidl_typesupport_fastrtps_cpp;rosidl_typesupport_introspection_cpp
[1.196s] -- Found rosidl_adapter: 4.6.7 (/opt/ros/jazzy/share/rosidl_adapter/cmake)
[1.912s] -- Found ament_cmake_ros: 0.12.0 (/opt/ros/jazzy/share/ament_cmake_ros/cmake)
[2.432s] -- Using all available rosidl_typesupport_c: rosidl_typesupport_fastrtps_c;rosidl_typesupport_introspection_c
[3.097s] -- Using all available rosidl_typesupport_cpp: rosidl_typesupport_fastrtps_cpp;rosidl_typesupport_introspection_cpp
[3.102s] -- Found python_cmake_module: 0.11.1 (/opt/ros/jazzy/share/python_cmake_module/cmake)
[3.269s] -- Found PythonExtra: /usr/bin/python3  
[3.762s] -- Found Python3: /usr/bin/python3 (found version "3.12.3") found components: Interpreter Development NumPy Development.Module Development.Embed 
[3.803s] -- Added test 'copyright' to check source files copyright and LICENSE
[3.804s] -- Added test 'lint_cmake' to check CMake code style
[3.805s] -- Added test 'xmllint' to check XML markup files
[3.811s] -- Configuring done (3.8s)
[3.846s] -- Generating done (0.0s)
[3.858s] -- Build files have been written to: /home/subhanjal-pant/Desktop/ROS2/build/serial_motor_demo_msgs
[3.866s] Invoked command in '/home/subhanjal-pant/Desktop/ROS2/build/serial_motor_demo_msgs' returned '0': CMAKE_PREFIX_PATH=${CMAKE_PREFIX_PATH}:/home/subhanjal-pant/Desktop/ROS2/install/serial_motor_demo:/opt/ros/jazzy DEBUGINFOD_URLS=https://debuginfod.ubuntu.com /usr/bin/cmake /home/subhanjal-pant/Desktop/ROS2/src/serial_motor_demo/serial_motor_demo_msgs -DAMENT_CMAKE_SYMLINK_INSTALL=1 -DCMAKE_INSTALL_PREFIX=/home/subhanjal-pant/Desktop/ROS2/install/serial_motor_demo_msgs
[3.866s] Invoking command in '/home/subhanjal-pant/Desktop/ROS2/build/serial_motor_demo_msgs': CMAKE_PREFIX_PATH=${CMAKE_PREFIX_PATH}:/home/subhanjal-pant/Desktop/ROS2/install/serial_motor_demo:/opt/ros/jazzy DEBUGINFOD_URLS=https://debuginfod.ubuntu.com /usr/bin/cmake --build /home/subhanjal-pant/Desktop/ROS2/build/serial_motor_demo_msgs -- -j28 -l28
[3.930s] [  1%] [34m[1mGenerating type hashes for ROS interfaces[0m
[3.941s] [  1%] Built target ament_cmake_python_symlink_serial_motor_demo_msgs
[4.186s] running egg_info
[4.188s] creating serial_motor_demo_msgs.egg-info
[4.190s] [  1%] Built target serial_motor_demo_msgs__rosidl_generator_type_description
[4.204s] [  3%] [34m[1mGenerating C code for ROS interfaces[0m
[4.208s] writing serial_motor_demo_msgs.egg-info/PKG-INFO
[4.208s] writing dependency_links to serial_motor_demo_msgs.egg-info/dependency_links.txt
[4.208s] writing top-level names to serial_motor_demo_msgs.egg-info/top_level.txt
[4.208s] writing manifest file 'serial_motor_demo_msgs.egg-info/SOURCES.txt'
[4.217s] [  5%] [34m[1mGenerating C++ code for ROS interfaces[0m
[4.269s] reading manifest file 'serial_motor_demo_msgs.egg-info/SOURCES.txt'
[4.269s] writing manifest file 'serial_motor_demo_msgs.egg-info/SOURCES.txt'
[4.302s] [  5%] Built target ament_cmake_python_build_serial_motor_demo_msgs_egg
[4.553s] [  5%] Built target serial_motor_demo_msgs__cpp
[4.603s] [  7%] [32mBuilding C object CMakeFiles/serial_motor_demo_msgs__rosidl_generator_c.dir/rosidl_generator_c/serial_motor_demo_msgs/msg/detail/motor_command__description.c.o[0m
[4.604s] [  9%] [32mBuilding C object CMakeFiles/serial_motor_demo_msgs__rosidl_generator_c.dir/rosidl_generator_c/serial_motor_demo_msgs/msg/detail/motor_command__type_support.c.o[0m
[4.605s] [ 11%] [32mBuilding C object CMakeFiles/serial_motor_demo_msgs__rosidl_generator_c.dir/rosidl_generator_c/serial_motor_demo_msgs/msg/detail/motor_vels__type_support.c.o[0m
[4.606s] [ 12%] [32mBuilding C object CMakeFiles/serial_motor_demo_msgs__rosidl_generator_c.dir/rosidl_generator_c/serial_motor_demo_msgs/msg/detail/motor_command__functions.c.o[0m
[4.606s] [ 14%] [32mBuilding C object CMakeFiles/serial_motor_demo_msgs__rosidl_generator_c.dir/rosidl_generator_c/serial_motor_demo_msgs/msg/detail/encoder_vals__functions.c.o[0m
[4.608s] [ 18%] [32mBuilding C object CMakeFiles/serial_motor_demo_msgs__rosidl_generator_c.dir/rosidl_generator_c/serial_motor_demo_msgs/msg/detail/motor_vels__description.c.o[0m
[4.608s] [ 18%] [32mBuilding C object CMakeFiles/serial_motor_demo_msgs__rosidl_generator_c.dir/rosidl_generator_c/serial_motor_demo_msgs/msg/detail/motor_vels__functions.c.o[0m
[4.609s] [ 22%] [32mBuilding C object CMakeFiles/serial_motor_demo_msgs__rosidl_generator_c.dir/rosidl_generator_c/serial_motor_demo_msgs/msg/detail/encoder_vals__type_support.c.o[0m
[4.610s] [ 22%] [32mBuilding C object CMakeFiles/serial_motor_demo_msgs__rosidl_generator_c.dir/rosidl_generator_c/serial_motor_demo_msgs/msg/detail/encoder_vals__description.c.o[0m
[4.677s] [ 24%] [32m[1mLinking C shared library libserial_motor_demo_msgs__rosidl_generator_c.so[0m
[4.727s] [ 24%] Built target serial_motor_demo_msgs__rosidl_generator_c
[4.743s] [ 27%] [34m[1mGenerating C type support for eProsima Fast-RTPS[0m
[4.744s] [ 25%] [34m[1mGenerating C++ type support dispatch for ROS interfaces[0m
[4.744s] [ 29%] [34m[1mGenerating C++ introspection for ROS interfaces[0m
[4.745s] [ 31%] [34m[1mGenerating C introspection for ROS interfaces[0m
[4.746s] [ 33%] [34m[1mGenerating C type support dispatch for ROS interfaces[0m
[4.747s] [ 35%] [34m[1mGenerating C++ type support for eProsima Fast-RTPS[0m
[5.047s] [ 37%] [32mBuilding CXX object CMakeFiles/serial_motor_demo_msgs__rosidl_typesupport_c.dir/rosidl_typesupport_c/serial_motor_demo_msgs/msg/motor_command__type_support.cpp.o[0m
[5.048s] [ 40%] [32mBuilding CXX object CMakeFiles/serial_motor_demo_msgs__rosidl_typesupport_cpp.dir/rosidl_typesupport_cpp/serial_motor_demo_msgs/msg/motor_vels__type_support.cpp.o[0m
[5.048s] [ 40%] [32mBuilding CXX object CMakeFiles/serial_motor_demo_msgs__rosidl_typesupport_cpp.dir/rosidl_typesupport_cpp/serial_motor_demo_msgs/msg/encoder_vals__type_support.cpp.o[0m
[5.049s] [ 42%] [32mBuilding CXX object CMakeFiles/serial_motor_demo_msgs__rosidl_typesupport_c.dir/rosidl_typesupport_c/serial_motor_demo_msgs/msg/encoder_vals__type_support.cpp.o[0m
[5.050s] [ 44%] [32mBuilding CXX object CMakeFiles/serial_motor_demo_msgs__rosidl_typesupport_cpp.dir/rosidl_typesupport_cpp/serial_motor_demo_msgs/msg/motor_command__type_support.cpp.o[0m
[5.051s] [ 46%] [32mBuilding CXX object CMakeFiles/serial_motor_demo_msgs__rosidl_typesupport_c.dir/rosidl_typesupport_c/serial_motor_demo_msgs/msg/motor_vels__type_support.cpp.o[0m
[5.078s] [ 57%] [32mBuilding CXX object CMakeFiles/serial_motor_demo_msgs__rosidl_typesupport_introspection_cpp.dir/rosidl_typesupport_introspection_cpp/serial_motor_demo_msgs/msg/detail/motor_command__type_support.cpp.o[0m
[5.078s] [ 57%] [32mBuilding C object CMakeFiles/serial_motor_demo_msgs__rosidl_typesupport_introspection_c.dir/rosidl_typesupport_introspection_c/serial_motor_demo_msgs/msg/detail/motor_command__type_support.c.o[0m
[5.078s] [ 57%] [32mBuilding C object CMakeFiles/serial_motor_demo_msgs__rosidl_typesupport_introspection_c.dir/rosidl_typesupport_introspection_c/serial_motor_demo_msgs/msg/detail/encoder_vals__type_support.c.o[0m
[5.078s] [ 57%] [32mBuilding CXX object CMakeFiles/serial_motor_demo_msgs__rosidl_typesupport_introspection_cpp.dir/rosidl_typesupport_introspection_cpp/serial_motor_demo_msgs/msg/detail/motor_vels__type_support.cpp.o[0m
[5.078s] [ 57%] [32mBuilding CXX object CMakeFiles/serial_motor_demo_msgs__rosidl_typesupport_introspection_cpp.dir/rosidl_typesupport_introspection_cpp/serial_motor_demo_msgs/msg/detail/encoder_vals__type_support.cpp.o[0m
[5.078s] [ 57%] [32mBuilding C object CMakeFiles/serial_motor_demo_msgs__rosidl_typesupport_introspection_c.dir/rosidl_typesupport_introspection_c/serial_motor_demo_msgs/msg/detail/motor_vels__type_support.c.o[0m
[5.112s] [ 59%] [32mBuilding CXX object CMakeFiles/serial_motor_demo_msgs__rosidl_typesupport_fastrtps_cpp.dir/rosidl_typesupport_fastrtps_cpp/serial_motor_demo_msgs/msg/detail/dds_fastrtps/encoder_vals__type_support.cpp.o[0m
[5.112s] [ 61%] [32mBuilding CXX object CMakeFiles/serial_motor_demo_msgs__rosidl_typesupport_fastrtps_cpp.dir/rosidl_typesupport_fastrtps_cpp/serial_motor_demo_msgs/msg/detail/dds_fastrtps/motor_command__type_support.cpp.o[0m
[5.113s] [ 64%] [32m[1mLinking CXX shared library libserial_motor_demo_msgs__rosidl_typesupport_c.so[0m
[5.113s] [ 64%] [32mBuilding CXX object CMakeFiles/serial_motor_demo_msgs__rosidl_typesupport_fastrtps_cpp.dir/rosidl_typesupport_fastrtps_cpp/serial_motor_demo_msgs/msg/detail/dds_fastrtps/motor_vels__type_support.cpp.o[0m
[5.119s] [ 66%] [32mBuilding CXX object CMakeFiles/serial_motor_demo_msgs__rosidl_typesupport_fastrtps_c.dir/rosidl_typesupport_fastrtps_c/serial_motor_demo_msgs/msg/detail/motor_vels__type_support_c.cpp.o[0m
[5.123s] [ 68%] [32mBuilding CXX object CMakeFiles/serial_motor_demo_msgs__rosidl_typesupport_fastrtps_c.dir/rosidl_typesupport_fastrtps_c/serial_motor_demo_msgs/msg/detail/motor_command__type_support_c.cpp.o[0m
[5.123s] [ 70%] [32mBuilding CXX object CMakeFiles/serial_motor_demo_msgs__rosidl_typesupport_fastrtps_c.dir/rosidl_typesupport_fastrtps_c/serial_motor_demo_msgs/msg/detail/encoder_vals__type_support_c.cpp.o[0m
[5.131s] [ 72%] [32m[1mLinking C shared library libserial_motor_demo_msgs__rosidl_typesupport_introspection_c.so[0m
[5.162s] [ 72%] Built target serial_motor_demo_msgs__rosidl_typesupport_c
[5.178s] [ 72%] Built target serial_motor_demo_msgs__rosidl_typesupport_introspection_c
[5.511s] [ 74%] [32m[1mLinking CXX shared library libserial_motor_demo_msgs__rosidl_typesupport_cpp.so[0m
[5.511s] [ 75%] [32m[1mLinking CXX shared library libserial_motor_demo_msgs__rosidl_typesupport_introspection_cpp.so[0m
[5.565s] [ 75%] Built target serial_motor_demo_msgs__rosidl_typesupport_introspection_cpp
[5.572s] [ 75%] Built target serial_motor_demo_msgs__rosidl_typesupport_cpp
[5.573s] [ 77%] [32m[1mLinking CXX shared library libserial_motor_demo_msgs__rosidl_typesupport_fastrtps_c.so[0m
[5.632s] [ 77%] Built target serial_motor_demo_msgs__rosidl_typesupport_fastrtps_c
[5.687s] [ 79%] [32m[1mLinking CXX shared library libserial_motor_demo_msgs__rosidl_typesupport_fastrtps_cpp.so[0m
[5.755s] [ 79%] Built target serial_motor_demo_msgs__rosidl_typesupport_fastrtps_cpp
[5.782s] [ 79%] Built target serial_motor_demo_msgs
[5.810s] [ 81%] [34m[1mGenerating Python code for ROS interfaces[0m
[6.220s] [ 81%] Built target serial_motor_demo_msgs__py
[6.254s] [ 83%] [32mBuilding C object CMakeFiles/serial_motor_demo_msgs__rosidl_generator_py.dir/rosidl_generator_py/serial_motor_demo_msgs/msg/_encoder_vals_s.c.o[0m
[6.254s] [ 85%] [32mBuilding C object CMakeFiles/serial_motor_demo_msgs__rosidl_generator_py.dir/rosidl_generator_py/serial_motor_demo_msgs/msg/_motor_command_s.c.o[0m
[6.254s] [ 87%] [32mBuilding C object CMakeFiles/serial_motor_demo_msgs__rosidl_generator_py.dir/rosidl_generator_py/serial_motor_demo_msgs/msg/_motor_vels_s.c.o[0m
[6.394s] [ 88%] [32m[1mLinking C shared library libserial_motor_demo_msgs__rosidl_generator_py.so[0m
[6.451s] [ 88%] Built target serial_motor_demo_msgs__rosidl_generator_py
[6.479s] [ 90%] [32mBuilding C object CMakeFiles/serial_motor_demo_msgs_s__rosidl_typesupport_introspection_c.dir/rosidl_generator_py/serial_motor_demo_msgs/_serial_motor_demo_msgs_s.ep.rosidl_typesupport_introspection_c.c.o[0m
[6.480s] [ 92%] [32mBuilding C object CMakeFiles/serial_motor_demo_msgs_s__rosidl_typesupport_c.dir/rosidl_generator_py/serial_motor_demo_msgs/_serial_motor_demo_msgs_s.ep.rosidl_typesupport_c.c.o[0m
[6.481s] [ 94%] [32mBuilding C object CMakeFiles/serial_motor_demo_msgs_s__rosidl_typesupport_fastrtps_c.dir/rosidl_generator_py/serial_motor_demo_msgs/_serial_motor_demo_msgs_s.ep.rosidl_typesupport_fastrtps_c.c.o[0m
[6.596s] [ 96%] [32m[1mLinking C shared module rosidl_generator_py/serial_motor_demo_msgs/serial_motor_demo_msgs_s__rosidl_typesupport_c.so[0m
[6.599s] [ 98%] [32m[1mLinking C shared module rosidl_generator_py/serial_motor_demo_msgs/serial_motor_demo_msgs_s__rosidl_typesupport_introspection_c.so[0m
[6.603s] [100%] [32m[1mLinking C shared module rosidl_generator_py/serial_motor_demo_msgs/serial_motor_demo_msgs_s__rosidl_typesupport_fastrtps_c.so[0m
[6.641s] [100%] Built target serial_motor_demo_msgs_s__rosidl_typesupport_c
[6.644s] [100%] Built target serial_motor_demo_msgs_s__rosidl_typesupport_introspection_c
[6.644s] [100%] Built target serial_motor_demo_msgs_s__rosidl_typesupport_fastrtps_c
[6.661s] Invoked command in '/home/subhanjal-pant/Desktop/ROS2/build/serial_motor_demo_msgs' returned '0': CMAKE_PREFIX_PATH=${CMAKE_PREFIX_PATH}:/home/subhanjal-pant/Desktop/ROS2/install/serial_motor_demo:/opt/ros/jazzy DEBUGINFOD_URLS=https://debuginfod.ubuntu.com /usr/bin/cmake --build /home/subhanjal-pant/Desktop/ROS2/build/serial_motor_demo_msgs -- -j28 -l28
[6.663s] Invoking command in '/home/subhanjal-pant/Desktop/ROS2/build/serial_motor_demo_msgs': CMAKE_PREFIX_PATH=${CMAKE_PREFIX_PATH}:/home/subhanjal-pant/Desktop/ROS2/install/serial_motor_demo:/opt/ros/jazzy DEBUGINFOD_URLS=https://debuginfod.ubuntu.com /usr/bin/cmake --install /home/subhanjal-pant/Desktop/ROS2/build/serial_motor_demo_msgs
[6.673s] -- Install configuration: ""
[6.674s] -- Execute custom install script
[6.674s] -- Symlinking: /home/subhanjal-pant/Desktop/ROS2/install/serial_motor_demo_msgs/share/ament_index/resource_index/rosidl_interfaces/serial_motor_demo_msgs
[6.685s] -- Symlinking: /home/subhanjal-pant/Desktop/ROS2/install/serial_motor_demo_msgs/share/serial_motor_demo_msgs/msg/MotorCommand.json
[6.697s] -- Symlinking: /home/subhanjal-pant/Desktop/ROS2/install/serial_motor_demo_msgs/share/serial_motor_demo_msgs/msg/MotorVels.json
[6.706s] -- Symlinking: /home/subhanjal-pant/Desktop/ROS2/install/serial_motor_demo_msgs/share/serial_motor_demo_msgs/msg/EncoderVals.json
[6.718s] -- Symlinking: /home/subhanjal-pant/Desktop/ROS2/install/serial_motor_demo_msgs/include/serial_motor_demo_msgs/serial_motor_demo_msgs/msg/detail/encoder_vals__functions.h
[6.726s] -- Symlinking: /home/subhanjal-pant/Desktop/ROS2/install/serial_motor_demo_msgs/include/serial_motor_demo_msgs/serial_motor_demo_msgs/msg/detail/encoder_vals__struct.h
[6.738s] -- Symlinking: /home/subhanjal-pant/Desktop/ROS2/install/serial_motor_demo_msgs/include/serial_motor_demo_msgs/serial_motor_demo_msgs/msg/detail/encoder_vals__type_support.h
[6.751s] -- Symlinking: /home/subhanjal-pant/Desktop/ROS2/install/serial_motor_demo_msgs/include/serial_motor_demo_msgs/serial_motor_demo_msgs/msg/detail/motor_command__functions.h
[6.762s] -- Symlinking: /home/subhanjal-pant/Desktop/ROS2/install/serial_motor_demo_msgs/include/serial_motor_demo_msgs/serial_motor_demo_msgs/msg/detail/motor_command__struct.h
[6.773s] -- Symlinking: /home/subhanjal-pant/Desktop/ROS2/install/serial_motor_demo_msgs/include/serial_motor_demo_msgs/serial_motor_demo_msgs/msg/detail/motor_command__type_support.h
[6.783s] -- Symlinking: /home/subhanjal-pant/Desktop/ROS2/install/serial_motor_demo_msgs/include/serial_motor_demo_msgs/serial_motor_demo_msgs/msg/detail/motor_vels__functions.h
[6.793s] -- Symlinking: /home/subhanjal-pant/Desktop/ROS2/install/serial_motor_demo_msgs/include/serial_motor_demo_msgs/serial_motor_demo_msgs/msg/detail/motor_vels__struct.h
[6.805s] -- Symlinking: /home/subhanjal-pant/Desktop/ROS2/install/serial_motor_demo_msgs/include/serial_motor_demo_msgs/serial_motor_demo_msgs/msg/detail/motor_vels__type_support.h
[6.814s] -- Symlinking: /home/subhanjal-pant/Desktop/ROS2/install/serial_motor_demo_msgs/include/serial_motor_demo_msgs/serial_motor_demo_msgs/msg/encoder_vals.h
[6.824s] -- Symlinking: /home/subhanjal-pant/Desktop/ROS2/install/serial_motor_demo_msgs/include/serial_motor_demo_msgs/serial_motor_demo_msgs/msg/motor_command.h
[6.836s] -- Symlinking: /home/subhanjal-pant/Desktop/ROS2/install/serial_motor_demo_msgs/include/serial_motor_demo_msgs/serial_motor_demo_msgs/msg/motor_vels.h
[6.848s] -- Symlinking: /home/subhanjal-pant/Desktop/ROS2/install/serial_motor_demo_msgs/include/serial_motor_demo_msgs/serial_motor_demo_msgs/msg/rosidl_generator_c__visibility_control.h
[6.858s] -- Symlinking: /home/subhanjal-pant/Desktop/ROS2/install/serial_motor_demo_msgs/share/serial_motor_demo_msgs/environment/library_path.sh
[6.867s] -- Symlinking: /home/subhanjal-pant/Desktop/ROS2/install/serial_motor_demo_msgs/share/serial_motor_demo_msgs/environment/library_path.dsv
[6.877s] -- Symlinking: /home/subhanjal-pant/Desktop/ROS2/install/serial_motor_demo_msgs/include/serial_motor_demo_msgs/serial_motor_demo_msgs/msg/detail/encoder_vals__rosidl_typesupport_fastrtps_c.h
[6.886s] -- Symlinking: /home/subhanjal-pant/Desktop/ROS2/install/serial_motor_demo_msgs/include/serial_motor_demo_msgs/serial_motor_demo_msgs/msg/detail/motor_command__rosidl_typesupport_fastrtps_c.h
[6.894s] -- Symlinking: /home/subhanjal-pant/Desktop/ROS2/install/serial_motor_demo_msgs/include/serial_motor_demo_msgs/serial_motor_demo_msgs/msg/detail/motor_vels__rosidl_typesupport_fastrtps_c.h
[6.903s] -- Symlinking: /home/subhanjal-pant/Desktop/ROS2/install/serial_motor_demo_msgs/include/serial_motor_demo_msgs/serial_motor_demo_msgs/msg/rosidl_typesupport_fastrtps_c__visibility_control.h
[6.912s] -- Symlinking: /home/subhanjal-pant/Desktop/ROS2/install/serial_motor_demo_msgs/include/serial_motor_demo_msgs/serial_motor_demo_msgs/msg/detail/encoder_vals__rosidl_typesupport_introspection_c.h
[6.922s] -- Symlinking: /home/subhanjal-pant/Desktop/ROS2/install/serial_motor_demo_msgs/include/serial_motor_demo_msgs/serial_motor_demo_msgs/msg/detail/motor_command__rosidl_typesupport_introspection_c.h
[6.933s] -- Symlinking: /home/subhanjal-pant/Desktop/ROS2/install/serial_motor_demo_msgs/include/serial_motor_demo_msgs/serial_motor_demo_msgs/msg/detail/motor_vels__rosidl_typesupport_introspection_c.h
[6.944s] -- Symlinking: /home/subhanjal-pant/Desktop/ROS2/install/serial_motor_demo_msgs/include/serial_motor_demo_msgs/serial_motor_demo_msgs/msg/rosidl_typesupport_introspection_c__visibility_control.h
[6.954s] -- Symlinking: /home/subhanjal-pant/Desktop/ROS2/install/serial_motor_demo_msgs/include/serial_motor_demo_msgs/serial_motor_demo_msgs/msg/detail/encoder_vals__builder.hpp
[6.964s] -- Symlinking: /home/subhanjal-pant/Desktop/ROS2/install/serial_motor_demo_msgs/include/serial_motor_demo_msgs/serial_motor_demo_msgs/msg/detail/encoder_vals__struct.hpp
[6.974s] -- Symlinking: /home/subhanjal-pant/Desktop/ROS2/install/serial_motor_demo_msgs/include/serial_motor_demo_msgs/serial_motor_demo_msgs/msg/detail/encoder_vals__traits.hpp
[6.986s] -- Symlinking: /home/subhanjal-pant/Desktop/ROS2/install/serial_motor_demo_msgs/include/serial_motor_demo_msgs/serial_motor_demo_msgs/msg/detail/encoder_vals__type_support.hpp
[6.994s] -- Symlinking: /home/subhanjal-pant/Desktop/ROS2/install/serial_motor_demo_msgs/include/serial_motor_demo_msgs/serial_motor_demo_msgs/msg/detail/motor_command__builder.hpp
[7.003s] -- Symlinking: /home/subhanjal-pant/Desktop/ROS2/install/serial_motor_demo_msgs/include/serial_motor_demo_msgs/serial_motor_demo_msgs/msg/detail/motor_command__struct.hpp
[7.011s] -- Symlinking: /home/subhanjal-pant/Desktop/ROS2/install/serial_motor_demo_msgs/include/serial_motor_demo_msgs/serial_motor_demo_msgs/msg/detail/motor_command__traits.hpp
[7.020s] -- Symlinking: /home/subhanjal-pant/Desktop/ROS2/install/serial_motor_demo_msgs/include/serial_motor_demo_msgs/serial_motor_demo_msgs/msg/detail/motor_command__type_support.hpp
[7.031s] -- Symlinking: /home/subhanjal-pant/Desktop/ROS2/install/serial_motor_demo_msgs/include/serial_motor_demo_msgs/serial_motor_demo_msgs/msg/detail/motor_vels__builder.hpp
[7.043s] -- Symlinking: /home/subhanjal-pant/Desktop/ROS2/install/serial_motor_demo_msgs/include/serial_motor_demo_msgs/serial_motor_demo_msgs/msg/detail/motor_vels__struct.hpp
[7.053s] -- Symlinking: /home/subhanjal-pant/Desktop/ROS2/install/serial_motor_demo_msgs/include/serial_motor_demo_msgs/serial_motor_demo_msgs/msg/detail/motor_vels__traits.hpp
[7.064s] -- Symlinking: /home/subhanjal-pant/Desktop/ROS2/install/serial_motor_demo_msgs/include/serial_motor_demo_msgs/serial_motor_demo_msgs/msg/detail/motor_vels__type_support.hpp
[7.075s] -- Symlinking: /home/subhanjal-pant/Desktop/ROS2/install/serial_motor_demo_msgs/include/serial_motor_demo_msgs/serial_motor_demo_msgs/msg/encoder_vals.hpp
[7.084s] -- Symlinking: /home/subhanjal-pant/Desktop/ROS2/install/serial_motor_demo_msgs/include/serial_motor_demo_msgs/serial_motor_demo_msgs/msg/motor_command.hpp
[7.094s] -- Symlinking: /home/subhanjal-pant/Desktop/ROS2/install/serial_motor_demo_msgs/include/serial_motor_demo_msgs/serial_motor_demo_msgs/msg/motor_vels.hpp
[7.103s] -- Symlinking: /home/subhanjal-pant/Desktop/ROS2/install/serial_motor_demo_msgs/include/serial_motor_demo_msgs/serial_motor_demo_msgs/msg/rosidl_generator_cpp__visibility_control.hpp
[7.114s] -- Symlinking: /home/subhanjal-pant/Desktop/ROS2/install/serial_motor_demo_msgs/include/serial_motor_demo_msgs/serial_motor_demo_msgs/msg/detail/encoder_vals__rosidl_typesupport_fastrtps_cpp.hpp
[7.123s] -- Symlinking: /home/subhanjal-pant/Desktop/ROS2/install/serial_motor_demo_msgs/include/serial_motor_demo_msgs/serial_motor_demo_msgs/msg/detail/motor_command__rosidl_typesupport_fastrtps_cpp.hpp
[7.133s] -- Symlinking: /home/subhanjal-pant/Desktop/ROS2/install/serial_motor_demo_msgs/include/serial_motor_demo_msgs/serial_motor_demo_msgs/msg/detail/motor_vels__rosidl_typesupport_fastrtps_cpp.hpp
[7.147s] -- Symlinking: /home/subhanjal-pant/Desktop/ROS2/install/serial_motor_demo_msgs/include/serial_motor_demo_msgs/serial_motor_demo_msgs/msg/rosidl_typesupport_fastrtps_cpp__visibility_control.h
[7.158s] -- Symlinking: /home/subhanjal-pant/Desktop/ROS2/install/serial_motor_demo_msgs/include/serial_motor_demo_msgs/serial_motor_demo_msgs/msg/detail/encoder_vals__rosidl_typesupport_introspection_cpp.hpp
[7.167s] -- Symlinking: /home/subhanjal-pant/Desktop/ROS2/install/serial_motor_demo_msgs/include/serial_motor_demo_msgs/serial_motor_demo_msgs/msg/detail/motor_command__rosidl_typesupport_introspection_cpp.hpp
[7.178s] -- Symlinking: /home/subhanjal-pant/Desktop/ROS2/install/serial_motor_demo_msgs/include/serial_motor_demo_msgs/serial_motor_demo_msgs/msg/detail/motor_vels__rosidl_typesupport_introspection_cpp.hpp
[7.187s] -- Symlinking: /home/subhanjal-pant/Desktop/ROS2/install/serial_motor_demo_msgs/share/serial_motor_demo_msgs/environment/pythonpath.sh
[7.196s] -- Symlinking: /home/subhanjal-pant/Desktop/ROS2/install/serial_motor_demo_msgs/share/serial_motor_demo_msgs/environment/pythonpath.dsv
[7.205s] -- Symlinking: /home/subhanjal-pant/Desktop/ROS2/install/serial_motor_demo_msgs/lib/python3.12/site-packages/serial_motor_demo_msgs-0.0.0-py3.12.egg-info/PKG-INFO
[7.214s] -- Symlinking: /home/subhanjal-pant/Desktop/ROS2/install/serial_motor_demo_msgs/lib/python3.12/site-packages/serial_motor_demo_msgs-0.0.0-py3.12.egg-info/SOURCES.txt
[7.224s] -- Symlinking: /home/subhanjal-pant/Desktop/ROS2/install/serial_motor_demo_msgs/lib/python3.12/site-packages/serial_motor_demo_msgs-0.0.0-py3.12.egg-info/dependency_links.txt
[7.236s] -- Symlinking: /home/subhanjal-pant/Desktop/ROS2/install/serial_motor_demo_msgs/lib/python3.12/site-packages/serial_motor_demo_msgs-0.0.0-py3.12.egg-info/top_level.txt
[7.249s] -- Symlinking: /home/subhanjal-pant/Desktop/ROS2/install/serial_motor_demo_msgs/lib/python3.12/site-packages/serial_motor_demo_msgs/__init__.py
[7.260s] -- Symlinking: /home/subhanjal-pant/Desktop/ROS2/install/serial_motor_demo_msgs/lib/python3.12/site-packages/serial_motor_demo_msgs/_serial_motor_demo_msgs_s.ep.rosidl_typesupport_c.c
[7.271s] -- Symlinking: /home/subhanjal-pant/Desktop/ROS2/install/serial_motor_demo_msgs/lib/python3.12/site-packages/serial_motor_demo_msgs/_serial_motor_demo_msgs_s.ep.rosidl_typesupport_fastrtps_c.c
[7.282s] -- Symlinking: /home/subhanjal-pant/Desktop/ROS2/install/serial_motor_demo_msgs/lib/python3.12/site-packages/serial_motor_demo_msgs/_serial_motor_demo_msgs_s.ep.rosidl_typesupport_introspection_c.c
[7.292s] -- Symlinking: /home/subhanjal-pant/Desktop/ROS2/install/serial_motor_demo_msgs/lib/python3.12/site-packages/serial_motor_demo_msgs/msg/__init__.py
[7.303s] -- Symlinking: /home/subhanjal-pant/Desktop/ROS2/install/serial_motor_demo_msgs/lib/python3.12/site-packages/serial_motor_demo_msgs/msg/_encoder_vals.py
[7.313s] -- Symlinking: /home/subhanjal-pant/Desktop/ROS2/install/serial_motor_demo_msgs/lib/python3.12/site-packages/serial_motor_demo_msgs/msg/_encoder_vals_s.c
[7.323s] -- Symlinking: /home/subhanjal-pant/Desktop/ROS2/install/serial_motor_demo_msgs/lib/python3.12/site-packages/serial_motor_demo_msgs/msg/_motor_command.py
[7.333s] -- Symlinking: /home/subhanjal-pant/Desktop/ROS2/install/serial_motor_demo_msgs/lib/python3.12/site-packages/serial_motor_demo_msgs/msg/_motor_command_s.c
[7.344s] -- Symlinking: /home/subhanjal-pant/Desktop/ROS2/install/serial_motor_demo_msgs/lib/python3.12/site-packages/serial_motor_demo_msgs/msg/_motor_vels.py
[7.354s] -- Symlinking: /home/subhanjal-pant/Desktop/ROS2/install/serial_motor_demo_msgs/lib/python3.12/site-packages/serial_motor_demo_msgs/msg/_motor_vels_s.c
[7.363s] -- Symlinking: /home/subhanjal-pant/Desktop/ROS2/install/serial_motor_demo_msgs/lib/python3.12/site-packages/serial_motor_demo_msgs/serial_motor_demo_msgs_s__rosidl_typesupport_c.so
[7.371s] -- Symlinking: /home/subhanjal-pant/Desktop/ROS2/install/serial_motor_demo_msgs/lib/python3.12/site-packages/serial_motor_demo_msgs/serial_motor_demo_msgs_s__rosidl_typesupport_fastrtps_c.so
[7.381s] -- Symlinking: /home/subhanjal-pant/Desktop/ROS2/install/serial_motor_demo_msgs/lib/python3.12/site-packages/serial_motor_demo_msgs/serial_motor_demo_msgs_s__rosidl_typesupport_introspection_c.so
[7.390s] -- Up-to-date symlink: /home/subhanjal-pant/Desktop/ROS2/install/serial_motor_demo_msgs/lib/python3.12/site-packages/serial_motor_demo_msgs/serial_motor_demo_msgs_s__rosidl_typesupport_fastrtps_c.so
[7.390s] -- Up-to-date symlink: /home/subhanjal-pant/Desktop/ROS2/install/serial_motor_demo_msgs/lib/python3.12/site-packages/serial_motor_demo_msgs/serial_motor_demo_msgs_s__rosidl_typesupport_introspection_c.so
[7.390s] -- Up-to-date symlink: /home/subhanjal-pant/Desktop/ROS2/install/serial_motor_demo_msgs/lib/python3.12/site-packages/serial_motor_demo_msgs/serial_motor_demo_msgs_s__rosidl_typesupport_c.so
[7.390s] -- Symlinking: /home/subhanjal-pant/Desktop/ROS2/install/serial_motor_demo_msgs/share/serial_motor_demo_msgs/msg/MotorCommand.idl
[7.399s] -- Symlinking: /home/subhanjal-pant/Desktop/ROS2/install/serial_motor_demo_msgs/share/serial_motor_demo_msgs/msg/MotorVels.idl
[7.409s] -- Symlinking: /home/subhanjal-pant/Desktop/ROS2/install/serial_motor_demo_msgs/share/serial_motor_demo_msgs/msg/EncoderVals.idl
[7.417s] -- Symlinking: /home/subhanjal-pant/Desktop/ROS2/install/serial_motor_demo_msgs/share/serial_motor_demo_msgs/msg/MotorCommand.msg
[7.429s] -- Symlinking: /home/subhanjal-pant/Desktop/ROS2/install/serial_motor_demo_msgs/share/serial_motor_demo_msgs/msg/MotorVels.msg
[7.442s] -- Symlinking: /home/subhanjal-pant/Desktop/ROS2/install/serial_motor_demo_msgs/share/serial_motor_demo_msgs/msg/EncoderVals.msg
[7.454s] -- Symlinking: /home/subhanjal-pant/Desktop/ROS2/install/serial_motor_demo_msgs/share/ament_index/resource_index/package_run_dependencies/serial_motor_demo_msgs
[7.466s] -- Symlinking: /home/subhanjal-pant/Desktop/ROS2/install/serial_motor_demo_msgs/share/ament_index/resource_index/parent_prefix_path/serial_motor_demo_msgs
[7.477s] -- Symlinking: /home/subhanjal-pant/Desktop/ROS2/install/serial_motor_demo_msgs/share/serial_motor_demo_msgs/environment/ament_prefix_path.sh
[7.486s] -- Symlinking: /home/subhanjal-pant/Desktop/ROS2/install/serial_motor_demo_msgs/share/serial_motor_demo_msgs/environment/ament_prefix_path.dsv
[7.496s] -- Symlinking: /home/subhanjal-pant/Desktop/ROS2/install/serial_motor_demo_msgs/share/serial_motor_demo_msgs/environment/path.sh
[7.504s] -- Symlinking: /home/subhanjal-pant/Desktop/ROS2/install/serial_motor_demo_msgs/share/serial_motor_demo_msgs/environment/path.dsv
[7.512s] -- Symlinking: /home/subhanjal-pant/Desktop/ROS2/install/serial_motor_demo_msgs/share/serial_motor_demo_msgs/local_setup.bash
[7.523s] -- Symlinking: /home/subhanjal-pant/Desktop/ROS2/install/serial_motor_demo_msgs/share/serial_motor_demo_msgs/local_setup.sh
[7.536s] -- Symlinking: /home/subhanjal-pant/Desktop/ROS2/install/serial_motor_demo_msgs/share/serial_motor_demo_msgs/local_setup.zsh
[7.548s] -- Symlinking: /home/subhanjal-pant/Desktop/ROS2/install/serial_motor_demo_msgs/share/serial_motor_demo_msgs/local_setup.dsv
[7.557s] -- Symlinking: /home/subhanjal-pant/Desktop/ROS2/install/serial_motor_demo_msgs/share/serial_motor_demo_msgs/package.dsv
[7.567s] -- Symlinking: /home/subhanjal-pant/Desktop/ROS2/install/serial_motor_demo_msgs/share/ament_index/resource_index/packages/serial_motor_demo_msgs
[7.579s] -- Symlinking: /home/subhanjal-pant/Desktop/ROS2/install/serial_motor_demo_msgs/share/serial_motor_demo_msgs/cmake/rosidl_cmake-extras.cmake
[7.590s] -- Symlinking: /home/subhanjal-pant/Desktop/ROS2/install/serial_motor_demo_msgs/share/serial_motor_demo_msgs/cmake/ament_cmake_export_include_directories-extras.cmake
[7.598s] -- Symlinking: /home/subhanjal-pant/Desktop/ROS2/install/serial_motor_demo_msgs/share/serial_motor_demo_msgs/cmake/ament_cmake_export_libraries-extras.cmake
[7.609s] -- Symlinking: /home/subhanjal-pant/Desktop/ROS2/install/serial_motor_demo_msgs/share/serial_motor_demo_msgs/cmake/ament_cmake_export_targets-extras.cmake
[7.619s] -- Symlinking: /home/subhanjal-pant/Desktop/ROS2/install/serial_motor_demo_msgs/share/serial_motor_demo_msgs/cmake/rosidl_cmake_export_typesupport_targets-extras.cmake
[7.627s] -- Symlinking: /home/subhanjal-pant/Desktop/ROS2/install/serial_motor_demo_msgs/share/serial_motor_demo_msgs/cmake/ament_cmake_export_dependencies-extras.cmake
[7.638s] -- Symlinking: /home/subhanjal-pant/Desktop/ROS2/install/serial_motor_demo_msgs/share/serial_motor_demo_msgs/cmake/rosidl_cmake_export_typesupport_libraries-extras.cmake
[7.654s] -- Symlinking: /home/subhanjal-pant/Desktop/ROS2/install/serial_motor_demo_msgs/share/serial_motor_demo_msgs/cmake/serial_motor_demo_msgsConfig.cmake
[7.671s] -- Symlinking: /home/subhanjal-pant/Desktop/ROS2/install/serial_motor_demo_msgs/share/serial_motor_demo_msgs/cmake/serial_motor_demo_msgsConfig-version.cmake
[7.697s] -- Symlinking: /home/subhanjal-pant/Desktop/ROS2/install/serial_motor_demo_msgs/share/serial_motor_demo_msgs/package.xml
[7.716s] -- Installing: /home/subhanjal-pant/Desktop/ROS2/install/serial_motor_demo_msgs/lib/libserial_motor_demo_msgs__rosidl_generator_c.so
[7.717s] -- Set non-toolchain portion of runtime path of "/home/subhanjal-pant/Desktop/ROS2/install/serial_motor_demo_msgs/lib/libserial_motor_demo_msgs__rosidl_generator_c.so" to ""
[7.717s] -- Installing: /home/subhanjal-pant/Desktop/ROS2/install/serial_motor_demo_msgs/lib/libserial_motor_demo_msgs__rosidl_typesupport_fastrtps_c.so
[7.717s] -- Set non-toolchain portion of runtime path of "/home/subhanjal-pant/Desktop/ROS2/install/serial_motor_demo_msgs/lib/libserial_motor_demo_msgs__rosidl_typesupport_fastrtps_c.so" to ""
[7.718s] -- Installing: /home/subhanjal-pant/Desktop/ROS2/install/serial_motor_demo_msgs/lib/libserial_motor_demo_msgs__rosidl_typesupport_introspection_c.so
[7.718s] -- Set non-toolchain portion of runtime path of "/home/subhanjal-pant/Desktop/ROS2/install/serial_motor_demo_msgs/lib/libserial_motor_demo_msgs__rosidl_typesupport_introspection_c.so" to ""
[7.719s] -- Installing: /home/subhanjal-pant/Desktop/ROS2/install/serial_motor_demo_msgs/lib/libserial_motor_demo_msgs__rosidl_typesupport_c.so
[7.719s] -- Set non-toolchain portion of runtime path of "/home/subhanjal-pant/Desktop/ROS2/install/serial_motor_demo_msgs/lib/libserial_motor_demo_msgs__rosidl_typesupport_c.so" to ""
[7.719s] -- Installing: /home/subhanjal-pant/Desktop/ROS2/install/serial_motor_demo_msgs/lib/libserial_motor_demo_msgs__rosidl_typesupport_fastrtps_cpp.so
[7.719s] -- Set non-toolchain portion of runtime path of "/home/subhanjal-pant/Desktop/ROS2/install/serial_motor_demo_msgs/lib/libserial_motor_demo_msgs__rosidl_typesupport_fastrtps_cpp.so" to ""
[7.719s] -- Installing: /home/subhanjal-pant/Desktop/ROS2/install/serial_motor_demo_msgs/lib/libserial_motor_demo_msgs__rosidl_typesupport_introspection_cpp.so
[7.720s] -- Set non-toolchain portion of runtime path of "/home/subhanjal-pant/Desktop/ROS2/install/serial_motor_demo_msgs/lib/libserial_motor_demo_msgs__rosidl_typesupport_introspection_cpp.so" to ""
[7.720s] -- Installing: /home/subhanjal-pant/Desktop/ROS2/install/serial_motor_demo_msgs/lib/libserial_motor_demo_msgs__rosidl_typesupport_cpp.so
[7.721s] -- Set non-toolchain portion of runtime path of "/home/subhanjal-pant/Desktop/ROS2/install/serial_motor_demo_msgs/lib/libserial_motor_demo_msgs__rosidl_typesupport_cpp.so" to ""
[7.805s] Listing '/home/subhanjal-pant/Desktop/ROS2/install/serial_motor_demo_msgs/lib/python3.12/site-packages/serial_motor_demo_msgs'...
[7.805s] Compiling '/home/subhanjal-pant/Desktop/ROS2/install/serial_motor_demo_msgs/lib/python3.12/site-packages/serial_motor_demo_msgs/__init__.py'...
[7.805s] Listing '/home/subhanjal-pant/Desktop/ROS2/install/serial_motor_demo_msgs/lib/python3.12/site-packages/serial_motor_demo_msgs/msg'...
[7.806s] Compiling '/home/subhanjal-pant/Desktop/ROS2/install/serial_motor_demo_msgs/lib/python3.12/site-packages/serial_motor_demo_msgs/msg/__init__.py'...
[7.806s] Compiling '/home/subhanjal-pant/Desktop/ROS2/install/serial_motor_demo_msgs/lib/python3.12/site-packages/serial_motor_demo_msgs/msg/_encoder_vals.py'...
[7.806s] Compiling '/home/subhanjal-pant/Desktop/ROS2/install/serial_motor_demo_msgs/lib/python3.12/site-packages/serial_motor_demo_msgs/msg/_motor_command.py'...
[7.806s] Compiling '/home/subhanjal-pant/Desktop/ROS2/install/serial_motor_demo_msgs/lib/python3.12/site-packages/serial_motor_demo_msgs/msg/_motor_vels.py'...
[7.812s] -- Installing: /home/subhanjal-pant/Desktop/ROS2/install/serial_motor_demo_msgs/lib/libserial_motor_demo_msgs__rosidl_generator_py.so
[7.812s] -- Set non-toolchain portion of runtime path of "/home/subhanjal-pant/Desktop/ROS2/install/serial_motor_demo_msgs/lib/libserial_motor_demo_msgs__rosidl_generator_py.so" to ""
[7.812s] -- Installing: /home/subhanjal-pant/Desktop/ROS2/install/serial_motor_demo_msgs/share/serial_motor_demo_msgs/cmake/export_serial_motor_demo_msgs__rosidl_generator_cExport.cmake
[7.812s] -- Installing: /home/subhanjal-pant/Desktop/ROS2/install/serial_motor_demo_msgs/share/serial_motor_demo_msgs/cmake/export_serial_motor_demo_msgs__rosidl_generator_cExport-noconfig.cmake
[7.813s] -- Installing: /home/subhanjal-pant/Desktop/ROS2/install/serial_motor_demo_msgs/share/serial_motor_demo_msgs/cmake/export_serial_motor_demo_msgs__rosidl_typesupport_fastrtps_cExport.cmake
[7.813s] -- Installing: /home/subhanjal-pant/Desktop/ROS2/install/serial_motor_demo_msgs/share/serial_motor_demo_msgs/cmake/export_serial_motor_demo_msgs__rosidl_typesupport_fastrtps_cExport-noconfig.cmake
[7.813s] -- Installing: /home/subhanjal-pant/Desktop/ROS2/install/serial_motor_demo_msgs/share/serial_motor_demo_msgs/cmake/serial_motor_demo_msgs__rosidl_typesupport_introspection_cExport.cmake
[7.813s] -- Installing: /home/subhanjal-pant/Desktop/ROS2/install/serial_motor_demo_msgs/share/serial_motor_demo_msgs/cmake/serial_motor_demo_msgs__rosidl_typesupport_introspection_cExport-noconfig.cmake
[7.813s] -- Installing: /home/subhanjal-pant/Desktop/ROS2/install/serial_motor_demo_msgs/share/serial_motor_demo_msgs/cmake/serial_motor_demo_msgs__rosidl_typesupport_cExport.cmake
[7.813s] -- Installing: /home/subhanjal-pant/Desktop/ROS2/install/serial_motor_demo_msgs/share/serial_motor_demo_msgs/cmake/serial_motor_demo_msgs__rosidl_typesupport_cExport-noconfig.cmake
[7.813s] -- Installing: /home/subhanjal-pant/Desktop/ROS2/install/serial_motor_demo_msgs/share/serial_motor_demo_msgs/cmake/export_serial_motor_demo_msgs__rosidl_generator_cppExport.cmake
[7.813s] -- Installing: /home/subhanjal-pant/Desktop/ROS2/install/serial_motor_demo_msgs/share/serial_motor_demo_msgs/cmake/export_serial_motor_demo_msgs__rosidl_typesupport_fastrtps_cppExport.cmake
[7.813s] -- Installing: /home/subhanjal-pant/Desktop/ROS2/install/serial_motor_demo_msgs/share/serial_motor_demo_msgs/cmake/export_serial_motor_demo_msgs__rosidl_typesupport_fastrtps_cppExport-noconfig.cmake
[7.814s] -- Installing: /home/subhanjal-pant/Desktop/ROS2/install/serial_motor_demo_msgs/share/serial_motor_demo_msgs/cmake/serial_motor_demo_msgs__rosidl_typesupport_introspection_cppExport.cmake
[7.814s] -- Installing: /home/subhanjal-pant/Desktop/ROS2/install/serial_motor_demo_msgs/share/serial_motor_demo_msgs/cmake/serial_motor_demo_msgs__rosidl_typesupport_introspection_cppExport-noconfig.cmake
[7.814s] -- Installing: /home/subhanjal-pant/Desktop/ROS2/install/serial_motor_demo_msgs/share/serial_motor_demo_msgs/cmake/serial_motor_demo_msgs__rosidl_typesupport_cppExport.cmake
[7.814s] -- Installing: /home/subhanjal-pant/Desktop/ROS2/install/serial_motor_demo_msgs/share/serial_motor_demo_msgs/cmake/serial_motor_demo_msgs__rosidl_typesupport_cppExport-noconfig.cmake
[7.814s] -- Installing: /home/subhanjal-pant/Desktop/ROS2/install/serial_motor_demo_msgs/share/serial_motor_demo_msgs/cmake/export_serial_motor_demo_msgs__rosidl_generator_pyExport.cmake
[7.814s] -- Installing: /home/subhanjal-pant/Desktop/ROS2/install/serial_motor_demo_msgs/share/serial_motor_demo_msgs/cmake/export_serial_motor_demo_msgs__rosidl_generator_pyExport-noconfig.cmake
[7.817s] Invoked command in '/home/subhanjal-pant/Desktop/ROS2/build/serial_motor_demo_msgs' returned '0': CMAKE_PREFIX_PATH=${CMAKE_PREFIX_PATH}:/home/subhanjal-pant/Desktop/ROS2/install/serial_motor_demo:/opt/ros/jazzy DEBUGINFOD_URLS=https://debuginfod.ubuntu.com /usr/bin/cmake --install /home/subhanjal-pant/Desktop/ROS2/build/serial_motor_demo_msgs
