[0.864s] Invoking command in '/home/subhanjal-pant/Desktop/ROS2/build/serial_motor_demo': DEBUGINFOD_URLS=https://debuginfod.ubuntu.com PYTHONPATH=/home/subhanjal-pant/Desktop/ROS2/build/serial_motor_demo/prefix_override:/usr/lib/python3/dist-packages/colcon_core/task/python/colcon_distutils_commands:/home/subhanjal-pant/Desktop/ROS2/install/serial_motor_demo/lib/python3.12/site-packages:/home/subhanjal-pant/Desktop/ROS2/install/serial_motor_demo_msgs/lib/python3.12/site-packages:/home/subhanjal-pant/Desktop/ROS2/build/serial_motor_demo:/home/subhanjal-pant/Desktop/ROS2/install/serial_motor_demo/lib/python3.12/site-packages:/opt/ros/jazzy/lib/python3.12/site-packages /usr/bin/python3 -W ignore:setup.py install is deprecated -W ignore:easy_install command is deprecated setup.py develop --editable --build-directory /home/subhanjal-pant/Desktop/ROS2/build/serial_motor_demo/build --no-deps symlink_data
[1.183s] running develop
[1.369s] running egg_info
[1.369s] creating serial_motor_demo.egg-info
[1.386s] writing serial_motor_demo.egg-info/PKG-INFO
[1.386s] writing dependency_links to serial_motor_demo.egg-info/dependency_links.txt
[1.386s] writing entry points to serial_motor_demo.egg-info/entry_points.txt
[1.386s] writing requirements to serial_motor_demo.egg-info/requires.txt
[1.386s] writing top-level names to serial_motor_demo.egg-info/top_level.txt
[1.387s] writing manifest file 'serial_motor_demo.egg-info/SOURCES.txt'
[1.426s] reading manifest file 'serial_motor_demo.egg-info/SOURCES.txt'
[1.427s] writing manifest file 'serial_motor_demo.egg-info/SOURCES.txt'
[1.445s] running build_ext
[1.446s] Creating /home/subhanjal-pant/Desktop/ROS2/install/serial_motor_demo/lib/python3.12/site-packages/serial-motor-demo.egg-link (link to .)
[1.446s] Installing driver script to /home/subhanjal-pant/Desktop/ROS2/install/serial_motor_demo/lib/serial_motor_demo
[1.446s] Installing gui script to /home/subhanjal-pant/Desktop/ROS2/install/serial_motor_demo/lib/serial_motor_demo
[1.447s] 
[1.447s] Installed /home/subhanjal-pant/Desktop/ROS2/build/serial_motor_demo
[1.447s] running symlink_data
[1.447s] creating /home/subhanjal-pant/Desktop/ROS2/install/serial_motor_demo/share/ament_index
[1.447s] creating /home/subhanjal-pant/Desktop/ROS2/install/serial_motor_demo/share/ament_index/resource_index
[1.447s] creating /home/subhanjal-pant/Desktop/ROS2/install/serial_motor_demo/share/ament_index/resource_index/packages
[1.447s] symbolically linking /home/subhanjal-pant/Desktop/ROS2/build/serial_motor_demo/resource/serial_motor_demo -> /home/subhanjal-pant/Desktop/ROS2/install/serial_motor_demo/share/ament_index/resource_index/packages
[1.447s] symbolically linking /home/subhanjal-pant/Desktop/ROS2/build/serial_motor_demo/package.xml -> /home/subhanjal-pant/Desktop/ROS2/install/serial_motor_demo/share/serial_motor_demo
[1.474s] Invoked command in '/home/subhanjal-pant/Desktop/ROS2/build/serial_motor_demo' returned '0': DEBUGINFOD_URLS=https://debuginfod.ubuntu.com PYTHONPATH=/home/subhanjal-pant/Desktop/ROS2/build/serial_motor_demo/prefix_override:/usr/lib/python3/dist-packages/colcon_core/task/python/colcon_distutils_commands:/home/subhanjal-pant/Desktop/ROS2/install/serial_motor_demo/lib/python3.12/site-packages:/home/subhanjal-pant/Desktop/ROS2/install/serial_motor_demo_msgs/lib/python3.12/site-packages:/home/subhanjal-pant/Desktop/ROS2/build/serial_motor_demo:/home/subhanjal-pant/Desktop/ROS2/install/serial_motor_demo/lib/python3.12/site-packages:/opt/ros/jazzy/lib/python3.12/site-packages /usr/bin/python3 -W ignore:setup.py install is deprecated -W ignore:easy_install command is deprecated setup.py develop --editable --build-directory /home/subhanjal-pant/Desktop/ROS2/build/serial_motor_demo/build --no-deps symlink_data
